Warning: Ccache directory not mounted or not writable
Running main() from gmock_main.cc
Note: Google Test filter = -TrivialTnnFixedTest.TestSamplingPositiveTemperatureWithMask
[==========] Running 331 tests from 76 test suites.
[----------] Global test environment set-up.
[----------] 18 tests from TensorUtilsTest
[ RUN      ] TensorUtilsTest.TestFloatToFromTensorEven
2026-01-20 02:29:35.711 | info     |             UMD | Established firmware bundle version: 19.3.1 (topology_discovery.cpp:369)
2026-01-20 02:29:35.719 | info     |          Device | Opening user mode device driver (tt_cluster.cpp:223)
2026-01-20 02:29:35.735 | info     |             UMD | Established firmware bundle version: 19.3.1 (topology_discovery.cpp:369)
2026-01-20 02:29:35.896 | info     |             UMD | Established firmware bundle version: 19.3.1 (topology_discovery.cpp:369)
2026-01-20 02:29:35.901 | info     |             UMD | Harvesting masks for chip 0 tensix: 0x0 dram: 0x0 eth: 0x120 pcie: 0x2 l2cpu: 0x0 (cluster.cpp:338)
2026-01-20 02:29:36.133 | info     |             UMD | Opening local chip ids/PCIe ids: {0}/{0} and remote chip ids {} (cluster.cpp:185)
2026-01-20 02:29:36.133 | info     |             UMD | IOMMU: disabled (cluster.cpp:161)
2026-01-20 02:29:36.133 | info     |             UMD | KMD version: 2.6.1 (cluster.cpp:164)
2026-01-20 02:29:36.143 | info     |             UMD | Starting devices in cluster (cluster.cpp:964)
2026-01-20 02:29:36.144 | info     |             UMD | Mapped hugepage 0x240000000 to NOC address 0x1000000000000000 (silicon_sysmem_manager.cpp:207)
2026-01-20 02:29:36.352 | info     |     Distributed | Using auto discovery to generate mesh graph. (metal_context.cpp:859)
2026-01-20 02:29:36.352 | info     |     Distributed | Constructing control plane using auto-discovery (no mesh graph descriptor). (metal_context.cpp:836)
2026-01-20 02:29:36.361 | info     |          Fabric | TopologyMapper mapping start (mesh=0): n_log=1, n_phys=1, log_deg_hist={0:1}, phys_deg_hist={0:1} (topology_mapper_utils.cpp:171)
2026-01-20 02:29:36.363 | info     |          Fabric | TopologyMapper mapping start (mesh=0): n_log=1, n_phys=1, log_deg_hist={0:1}, phys_deg_hist={0:1} (topology_mapper_utils.cpp:171)
2026-01-20 02:29:36.413 | info     |    BuildKernels | Skipping deleting built cache (build.cpp:110)
[       OK ] TensorUtilsTest.TestFloatToFromTensorEven (13582 ms)
[ RUN      ] TensorUtilsTest.TestFloatToFromTensorGPT2Tokenizer
2026-01-20 02:29:49.275 | info     |     Distributed | Using auto discovery to generate mesh graph. (metal_context.cpp:859)
2026-01-20 02:29:49.275 | info     |     Distributed | Constructing control plane using auto-discovery (no mesh graph descriptor). (metal_context.cpp:836)
2026-01-20 02:29:49.276 | info     |          Fabric | TopologyMapper mapping start (mesh=0): n_log=1, n_phys=1, log_deg_hist={0:1}, phys_deg_hist={0:1} (topology_mapper_utils.cpp:171)
2026-01-20 02:29:49.276 | info     |          Fabric | TopologyMapper mapping start (mesh=0): n_log=1, n_phys=1, log_deg_hist={0:1}, phys_deg_hist={0:1} (topology_mapper_utils.cpp:171)
[       OK ] TensorUtilsTest.TestFloatToFromTensorGPT2Tokenizer (1396 ms)
[ RUN      ] TensorUtilsTest.TestFloatToFromTensorOdd
2026-01-20 02:29:50.669 | info     |     Distributed | Using auto discovery to generate mesh graph. (metal_context.cpp:859)
2026-01-20 02:29:50.669 | info     |     Distributed | Constructing control plane using auto-discovery (no mesh graph descriptor). (metal_context.cpp:836)
2026-01-20 02:29:50.669 | info     |          Fabric | TopologyMapper mapping start (mesh=0): n_log=1, n_phys=1, log_deg_hist={0:1}, phys_deg_hist={0:1} (topology_mapper_utils.cpp:171)
2026-01-20 02:29:50.670 | info     |          Fabric | TopologyMapper mapping start (mesh=0): n_log=1, n_phys=1, log_deg_hist={0:1}, phys_deg_hist={0:1} (topology_mapper_utils.cpp:171)
[       OK ] TensorUtilsTest.TestFloatToFromTensorOdd (3055 ms)
[ RUN      ] TensorUtilsTest.TestUint32ToFromTensorEven
2026-01-20 02:29:53.722 | info     |     Distributed | Using auto discovery to generate mesh graph. (metal_context.cpp:859)
2026-01-20 02:29:53.722 | info     |     Distributed | Constructing control plane using auto-discovery (no mesh graph descriptor). (metal_context.cpp:836)
2026-01-20 02:29:53.722 | info     |          Fabric | TopologyMapper mapping start (mesh=0): n_log=1, n_phys=1, log_deg_hist={0:1}, phys_deg_hist={0:1} (topology_mapper_utils.cpp:171)
2026-01-20 02:29:53.723 | info     |          Fabric | TopologyMapper mapping start (mesh=0): n_log=1, n_phys=1, log_deg_hist={0:1}, phys_deg_hist={0:1} (topology_mapper_utils.cpp:171)
[       OK ] TensorUtilsTest.TestUint32ToFromTensorEven (1213 ms)
[ RUN      ] TensorUtilsTest.TestUint32ToFromTensorOdd
2026-01-20 02:29:54.936 | info     |     Distributed | Using auto discovery to generate mesh graph. (metal_context.cpp:859)
2026-01-20 02:29:54.936 | info     |     Distributed | Constructing control plane using auto-discovery (no mesh graph descriptor). (metal_context.cpp:836)
2026-01-20 02:29:54.937 | info     |          Fabric | TopologyMapper mapping start (mesh=0): n_log=1, n_phys=1, log_deg_hist={0:1}, phys_deg_hist={0:1} (topology_mapper_utils.cpp:171)
2026-01-20 02:29:54.937 | info     |          Fabric | TopologyMapper mapping start (mesh=0): n_log=1, n_phys=1, log_deg_hist={0:1}, phys_deg_hist={0:1} (topology_mapper_utils.cpp:171)
[       OK ] TensorUtilsTest.TestUint32ToFromTensorOdd (1202 ms)
[ RUN      ] TensorUtilsTest.TestUint32ToFromTensorLargeWithBatch
2026-01-20 02:29:56.140 | info     |     Distributed | Using auto discovery to generate mesh graph. (metal_context.cpp:859)
2026-01-20 02:29:56.140 | info     |     Distributed | Constructing control plane using auto-discovery (no mesh graph descriptor). (metal_context.cpp:836)
2026-01-20 02:29:56.141 | info     |          Fabric | TopologyMapper mapping start (mesh=0): n_log=1, n_phys=1, log_deg_hist={0:1}, phys_deg_hist={0:1} (topology_mapper_utils.cpp:171)
2026-01-20 02:29:56.141 | info     |          Fabric | TopologyMapper mapping start (mesh=0): n_log=1, n_phys=1, log_deg_hist={0:1}, phys_deg_hist={0:1} (topology_mapper_utils.cpp:171)
[       OK ] TensorUtilsTest.TestUint32ToFromTensorLargeWithBatch (1259 ms)
[ RUN      ] TensorUtilsTest.TestFloatToFromTensorLargeWithBatch
2026-01-20 02:29:57.399 | info     |     Distributed | Using auto discovery to generate mesh graph. (metal_context.cpp:859)
2026-01-20 02:29:57.399 | info     |     Distributed | Constructing control plane using auto-discovery (no mesh graph descriptor). (metal_context.cpp:836)
2026-01-20 02:29:57.399 | info     |          Fabric | TopologyMapper mapping start (mesh=0): n_log=1, n_phys=1, log_deg_hist={0:1}, phys_deg_hist={0:1} (topology_mapper_utils.cpp:171)
2026-01-20 02:29:57.400 | info     |          Fabric | TopologyMapper mapping start (mesh=0): n_log=1, n_phys=1, log_deg_hist={0:1}, phys_deg_hist={0:1} (topology_mapper_utils.cpp:171)
[       OK ] TensorUtilsTest.TestFloatToFromTensorLargeWithBatch (3105 ms)
[ RUN      ] TensorUtilsTest.TestToFromTensorLarge
2026-01-20 02:30:00.506 | info     |     Distributed | Using auto discovery to generate mesh graph. (metal_context.cpp:859)
2026-01-20 02:30:00.507 | info     |     Distributed | Constructing control plane using auto-discovery (no mesh graph descriptor). (metal_context.cpp:836)
2026-01-20 02:30:00.507 | info     |          Fabric | TopologyMapper mapping start (mesh=0): n_log=1, n_phys=1, log_deg_hist={0:1}, phys_deg_hist={0:1} (topology_mapper_utils.cpp:171)
2026-01-20 02:30:00.507 | info     |          Fabric | TopologyMapper mapping start (mesh=0): n_log=1, n_phys=1, log_deg_hist={0:1}, phys_deg_hist={0:1} (topology_mapper_utils.cpp:171)
[       OK ] TensorUtilsTest.TestToFromTensorLarge (3016 ms)
[ RUN      ] TensorUtilsTest.TestToFromTensorBatch
2026-01-20 02:30:03.522 | info     |     Distributed | Using auto discovery to generate mesh graph. (metal_context.cpp:859)
2026-01-20 02:30:03.522 | info     |     Distributed | Constructing control plane using auto-discovery (no mesh graph descriptor). (metal_context.cpp:836)
2026-01-20 02:30:03.523 | info     |          Fabric | TopologyMapper mapping start (mesh=0): n_log=1, n_phys=1, log_deg_hist={0:1}, phys_deg_hist={0:1} (topology_mapper_utils.cpp:171)
2026-01-20 02:30:03.523 | info     |          Fabric | TopologyMapper mapping start (mesh=0): n_log=1, n_phys=1, log_deg_hist={0:1}, phys_deg_hist={0:1} (topology_mapper_utils.cpp:171)
[       OK ] TensorUtilsTest.TestToFromTensorBatch (2974 ms)
[ RUN      ] TensorUtilsTest.TestOnes_0
2026-01-20 02:30:06.501 | info     |     Distributed | Using auto discovery to generate mesh graph. (metal_context.cpp:859)
2026-01-20 02:30:06.501 | info     |     Distributed | Constructing control plane using auto-discovery (no mesh graph descriptor). (metal_context.cpp:836)
2026-01-20 02:30:06.502 | info     |          Fabric | TopologyMapper mapping start (mesh=0): n_log=1, n_phys=1, log_deg_hist={0:1}, phys_deg_hist={0:1} (topology_mapper_utils.cpp:171)
2026-01-20 02:30:06.503 | info     |          Fabric | TopologyMapper mapping start (mesh=0): n_log=1, n_phys=1, log_deg_hist={0:1}, phys_deg_hist={0:1} (topology_mapper_utils.cpp:171)
[       OK ] TensorUtilsTest.TestOnes_0 (1211 ms)
[ RUN      ] TensorUtilsTest.TestOnes_1
2026-01-20 02:30:07.704 | info     |     Distributed | Using auto discovery to generate mesh graph. (metal_context.cpp:859)
2026-01-20 02:30:07.704 | info     |     Distributed | Constructing control plane using auto-discovery (no mesh graph descriptor). (metal_context.cpp:836)
2026-01-20 02:30:07.705 | info     |          Fabric | TopologyMapper mapping start (mesh=0): n_log=1, n_phys=1, log_deg_hist={0:1}, phys_deg_hist={0:1} (topology_mapper_utils.cpp:171)
2026-01-20 02:30:07.705 | info     |          Fabric | TopologyMapper mapping start (mesh=0): n_log=1, n_phys=1, log_deg_hist={0:1}, phys_deg_hist={0:1} (topology_mapper_utils.cpp:171)
[       OK ] TensorUtilsTest.TestOnes_1 (1246 ms)
[ RUN      ] TensorUtilsTest.TestZeros
2026-01-20 02:30:08.954 | info     |     Distributed | Using auto discovery to generate mesh graph. (metal_context.cpp:859)
2026-01-20 02:30:08.954 | info     |     Distributed | Constructing control plane using auto-discovery (no mesh graph descriptor). (metal_context.cpp:836)
2026-01-20 02:30:08.955 | info     |          Fabric | TopologyMapper mapping start (mesh=0): n_log=1, n_phys=1, log_deg_hist={0:1}, phys_deg_hist={0:1} (topology_mapper_utils.cpp:171)
2026-01-20 02:30:08.955 | info     |          Fabric | TopologyMapper mapping start (mesh=0): n_log=1, n_phys=1, log_deg_hist={0:1}, phys_deg_hist={0:1} (topology_mapper_utils.cpp:171)
[       OK ] TensorUtilsTest.TestZeros (2875 ms)
[ RUN      ] TensorUtilsTest.TestIsInitialized
2026-01-20 02:30:11.829 | info     |     Distributed | Using auto discovery to generate mesh graph. (metal_context.cpp:859)
2026-01-20 02:30:11.829 | info     |     Distributed | Constructing control plane using auto-discovery (no mesh graph descriptor). (metal_context.cpp:836)
2026-01-20 02:30:11.829 | info     |          Fabric | TopologyMapper mapping start (mesh=0): n_log=1, n_phys=1, log_deg_hist={0:1}, phys_deg_hist={0:1} (topology_mapper_utils.cpp:171)
2026-01-20 02:30:11.830 | info     |          Fabric | TopologyMapper mapping start (mesh=0): n_log=1, n_phys=1, log_deg_hist={0:1}, phys_deg_hist={0:1} (topology_mapper_utils.cpp:171)
[       OK ] TensorUtilsTest.TestIsInitialized (1316 ms)
[ RUN      ] TensorUtilsTest.TestOnesLike
2026-01-20 02:30:13.149 | info     |     Distributed | Using auto discovery to generate mesh graph. (metal_context.cpp:859)
2026-01-20 02:30:13.149 | info     |     Distributed | Constructing control plane using auto-discovery (no mesh graph descriptor). (metal_context.cpp:836)
2026-01-20 02:30:13.150 | info     |          Fabric | TopologyMapper mapping start (mesh=0): n_log=1, n_phys=1, log_deg_hist={0:1}, phys_deg_hist={0:1} (topology_mapper_utils.cpp:171)
2026-01-20 02:30:13.150 | info     |          Fabric | TopologyMapper mapping start (mesh=0): n_log=1, n_phys=1, log_deg_hist={0:1}, phys_deg_hist={0:1} (topology_mapper_utils.cpp:171)
[       OK ] TensorUtilsTest.TestOnesLike (1259 ms)
[ RUN      ] TensorUtilsTest.TestZerosLike
2026-01-20 02:30:14.407 | info     |     Distributed | Using auto discovery to generate mesh graph. (metal_context.cpp:859)
2026-01-20 02:30:14.407 | info     |     Distributed | Constructing control plane using auto-discovery (no mesh graph descriptor). (metal_context.cpp:836)
2026-01-20 02:30:14.407 | info     |          Fabric | TopologyMapper mapping start (mesh=0): n_log=1, n_phys=1, log_deg_hist={0:1}, phys_deg_hist={0:1} (topology_mapper_utils.cpp:171)
2026-01-20 02:30:14.407 | info     |          Fabric | TopologyMapper mapping start (mesh=0): n_log=1, n_phys=1, log_deg_hist={0:1}, phys_deg_hist={0:1} (topology_mapper_utils.cpp:171)
[       OK ] TensorUtilsTest.TestZerosLike (1229 ms)
[ RUN      ] TensorUtilsTest.TestFloatXtensor
2026-01-20 02:30:15.631 | info     |     Distributed | Using auto discovery to generate mesh graph. (metal_context.cpp:859)
2026-01-20 02:30:15.631 | info     |     Distributed | Constructing control plane using auto-discovery (no mesh graph descriptor). (metal_context.cpp:836)
2026-01-20 02:30:15.631 | info     |          Fabric | TopologyMapper mapping start (mesh=0): n_log=1, n_phys=1, log_deg_hist={0:1}, phys_deg_hist={0:1} (topology_mapper_utils.cpp:171)
2026-01-20 02:30:15.631 | info     |          Fabric | TopologyMapper mapping start (mesh=0): n_log=1, n_phys=1, log_deg_hist={0:1}, phys_deg_hist={0:1} (topology_mapper_utils.cpp:171)
[       OK ] TensorUtilsTest.TestFloatXtensor (1216 ms)
[ RUN      ] TensorUtilsTest.TestUint32XTensor
2026-01-20 02:30:16.849 | info     |     Distributed | Using auto discovery to generate mesh graph. (metal_context.cpp:859)
2026-01-20 02:30:16.849 | info     |     Distributed | Constructing control plane using auto-discovery (no mesh graph descriptor). (metal_context.cpp:836)
2026-01-20 02:30:16.850 | info     |          Fabric | TopologyMapper mapping start (mesh=0): n_log=1, n_phys=1, log_deg_hist={0:1}, phys_deg_hist={0:1} (topology_mapper_utils.cpp:171)
2026-01-20 02:30:16.850 | info     |          Fabric | TopologyMapper mapping start (mesh=0): n_log=1, n_phys=1, log_deg_hist={0:1}, phys_deg_hist={0:1} (topology_mapper_utils.cpp:171)
[       OK ] TensorUtilsTest.TestUint32XTensor (1251 ms)
[ RUN      ] TensorUtilsTest.TestBytesToFromTensor
2026-01-20 02:30:18.103 | info     |     Distributed | Using auto discovery to generate mesh graph. (metal_context.cpp:859)
2026-01-20 02:30:18.103 | info     |     Distributed | Constructing control plane using auto-discovery (no mesh graph descriptor). (metal_context.cpp:836)
2026-01-20 02:30:18.104 | info     |          Fabric | TopologyMapper mapping start (mesh=0): n_log=1, n_phys=1, log_deg_hist={0:1}, phys_deg_hist={0:1} (topology_mapper_utils.cpp:171)
2026-01-20 02:30:18.104 | info     |          Fabric | TopologyMapper mapping start (mesh=0): n_log=1, n_phys=1, log_deg_hist={0:1}, phys_deg_hist={0:1} (topology_mapper_utils.cpp:171)
[       OK ] TensorUtilsTest.TestBytesToFromTensor (2974 ms)
[----------] 18 tests from TensorUtilsTest (45390 ms total)

[----------] 11 tests from N300UtilsTest
[ RUN      ] N300UtilsTest.TestXTensorReplicateInt32
2026-01-20 02:30:21.067 | info     |             UMD | Established firmware bundle version: 19.3.1 (topology_discovery.cpp:369)
/workspace/tt-metal/tt-train/tests/core/n300_utils_test.cpp:29: Skipped
Skipping N300 specific tests
[  SKIPPED ] N300UtilsTest.TestXTensorReplicateInt32 (12 ms)
[ RUN      ] N300UtilsTest.TestXTensorReplicateUInt32
2026-01-20 02:30:21.080 | info     |             UMD | Established firmware bundle version: 19.3.1 (topology_discovery.cpp:369)
/workspace/tt-metal/tt-train/tests/core/n300_utils_test.cpp:29: Skipped
Skipping N300 specific tests
[  SKIPPED ] N300UtilsTest.TestXTensorReplicateUInt32 (12 ms)
[ RUN      ] N300UtilsTest.TestXTensorReplicate
2026-01-20 02:30:21.091 | info     |             UMD | Established firmware bundle version: 19.3.1 (topology_discovery.cpp:369)
/workspace/tt-metal/tt-train/tests/core/n300_utils_test.cpp:29: Skipped
Skipping N300 specific tests
[  SKIPPED ] N300UtilsTest.TestXTensorReplicate (11 ms)
[ RUN      ] N300UtilsTest.TestXTensorShardAxis3
2026-01-20 02:30:21.102 | info     |             UMD | Established firmware bundle version: 19.3.1 (topology_discovery.cpp:369)
/workspace/tt-metal/tt-train/tests/core/n300_utils_test.cpp:29: Skipped
Skipping N300 specific tests
[  SKIPPED ] N300UtilsTest.TestXTensorShardAxis3 (11 ms)
[ RUN      ] N300UtilsTest.TestXTensorShardAxis2
2026-01-20 02:30:21.113 | info     |             UMD | Established firmware bundle version: 19.3.1 (topology_discovery.cpp:369)
/workspace/tt-metal/tt-train/tests/core/n300_utils_test.cpp:29: Skipped
Skipping N300 specific tests
[  SKIPPED ] N300UtilsTest.TestXTensorShardAxis2 (10 ms)
[ RUN      ] N300UtilsTest.TestXTensorReplicateAllReduce
2026-01-20 02:30:21.123 | info     |             UMD | Established firmware bundle version: 19.3.1 (topology_discovery.cpp:369)
/workspace/tt-metal/tt-train/tests/core/n300_utils_test.cpp:29: Skipped
Skipping N300 specific tests
[  SKIPPED ] N300UtilsTest.TestXTensorReplicateAllReduce (10 ms)
[ RUN      ] N300UtilsTest.TestXTensorReplicateAllReduceBadTiles
2026-01-20 02:30:21.138 | info     |             UMD | Established firmware bundle version: 19.3.1 (topology_discovery.cpp:369)
/workspace/tt-metal/tt-train/tests/core/n300_utils_test.cpp:29: Skipped
Skipping N300 specific tests
[  SKIPPED ] N300UtilsTest.TestXTensorReplicateAllReduceBadTiles (15 ms)
[ RUN      ] N300UtilsTest.TestXTensorShardAxis2AddScalar
2026-01-20 02:30:21.153 | info     |             UMD | Established firmware bundle version: 19.3.1 (topology_discovery.cpp:369)
/workspace/tt-metal/tt-train/tests/core/n300_utils_test.cpp:29: Skipped
Skipping N300 specific tests
[  SKIPPED ] N300UtilsTest.TestXTensorShardAxis2AddScalar (14 ms)
[ RUN      ] N300UtilsTest.TestXTensorShardAxis3Matmul
2026-01-20 02:30:21.164 | info     |             UMD | Established firmware bundle version: 19.3.1 (topology_discovery.cpp:369)
/workspace/tt-metal/tt-train/tests/core/n300_utils_test.cpp:29: Skipped
Skipping N300 specific tests
[  SKIPPED ] N300UtilsTest.TestXTensorShardAxis3Matmul (11 ms)
[ RUN      ] N300UtilsTest.DropoutDifferentSeed
2026-01-20 02:30:21.176 | info     |             UMD | Established firmware bundle version: 19.3.1 (topology_discovery.cpp:369)
/workspace/tt-metal/tt-train/tests/core/n300_utils_test.cpp:29: Skipped
Skipping N300 specific tests
[  SKIPPED ] N300UtilsTest.DropoutDifferentSeed (13 ms)
[ RUN      ] N300UtilsTest.MorehClipGradNorm
2026-01-20 02:30:21.189 | info     |             UMD | Established firmware bundle version: 19.3.1 (topology_discovery.cpp:369)
/workspace/tt-metal/tt-train/tests/core/n300_utils_test.cpp:29: Skipped
Skipping N300 specific tests
[  SKIPPED ] N300UtilsTest.MorehClipGradNorm (11 ms)
[----------] 11 tests from N300UtilsTest (134 ms total)

[----------] 1 test from ScopedTest
[ RUN      ] ScopedTest.Scoped
[       OK ] ScopedTest.Scoped (0 ms)
[----------] 1 test from ScopedTest (0 ms total)

[----------] 1 test from ClipGradNormTest
[ RUN      ] ClipGradNormTest.ClipGradNorm_GENEROUS_TOLERANCE
2026-01-20 02:30:21.210 | info     |     Distributed | Using auto discovery to generate mesh graph. (metal_context.cpp:859)
2026-01-20 02:30:21.210 | info     |     Distributed | Constructing control plane using auto-discovery (no mesh graph descriptor). (metal_context.cpp:836)
2026-01-20 02:30:21.210 | info     |          Fabric | TopologyMapper mapping start (mesh=0): n_log=1, n_phys=1, log_deg_hist={0:1}, phys_deg_hist={0:1} (topology_mapper_utils.cpp:171)
2026-01-20 02:30:21.211 | info     |          Fabric | TopologyMapper mapping start (mesh=0): n_log=1, n_phys=1, log_deg_hist={0:1}, phys_deg_hist={0:1} (topology_mapper_utils.cpp:171)
[       OK ] ClipGradNormTest.ClipGradNorm_GENEROUS_TOLERANCE (14577 ms)
[----------] 1 test from ClipGradNormTest (14577 ms total)

[----------] 4 tests from RandomGenerationTests
[ RUN      ] RandomGenerationTests.ParallelUniformInitDeterminism
[       OK ] RandomGenerationTests.ParallelUniformInitDeterminism (6546 ms)
[ RUN      ] RandomGenerationTests.UniformInitsGoodMeanAndRange
[       OK ] RandomGenerationTests.UniformInitsGoodMeanAndRange (27644 ms)
[ RUN      ] RandomGenerationTests.ParallelUniformInitDeterminismSSE
[       OK ] RandomGenerationTests.ParallelUniformInitDeterminismSSE (16548 ms)
[ RUN      ] RandomGenerationTests.UniformInitsGoodMeanAndRangeSSE
[       OK ] RandomGenerationTests.UniformInitsGoodMeanAndRangeSSE (61201 ms)
[----------] 4 tests from RandomGenerationTests (111941 ms total)

[----------] 1 test from LinearRegressionDDPTest
[ RUN      ] LinearRegressionDDPTest.Full
2026-01-20 02:32:27.719 | info     |             UMD | Established firmware bundle version: 19.3.1 (topology_discovery.cpp:369)
/workspace/tt-metal/tt-train/tests/model/linear_regression_ddp_test.cpp:35: Skipped
Skipping N300 specific tests
[  SKIPPED ] LinearRegressionDDPTest.Full (10 ms)
[----------] 1 test from LinearRegressionDDPTest (10 ms total)

[----------] 1 test from NanoLlamaTest
[ RUN      ] NanoLlamaTest.NIGHTLY_Default
2026-01-20 02:32:27.742 | info     |     Distributed | Using auto discovery to generate mesh graph. (metal_context.cpp:859)
2026-01-20 02:32:27.742 | info     |     Distributed | Constructing control plane using auto-discovery (no mesh graph descriptor). (metal_context.cpp:836)
2026-01-20 02:32:27.742 | info     |          Fabric | TopologyMapper mapping start (mesh=0): n_log=1, n_phys=1, log_deg_hist={0:1}, phys_deg_hist={0:1} (topology_mapper_utils.cpp:171)
2026-01-20 02:32:27.743 | info     |          Fabric | TopologyMapper mapping start (mesh=0): n_log=1, n_phys=1, log_deg_hist={0:1}, phys_deg_hist={0:1} (topology_mapper_utils.cpp:171)
/workspace/tt-metal/tt-train/tests/model/nano_gpt_test.cpp:348: Skipped
Skipping Nightly test.
[  SKIPPED ] NanoLlamaTest.NIGHTLY_Default (1223 ms)
[----------] 1 test from NanoLlamaTest (1223 ms total)

[----------] 1 test from NanoLlamaMultiDeviceTest
[ DISABLED ] NanoLlamaMultiDeviceTest.DISABLED_NIGHTLY_TensorParallel
[ RUN      ] NanoLlamaMultiDeviceTest.NIGHTLY_DDP
/workspace/tt-metal/tt-train/tests/model/nano_gpt_test.cpp:362: Skipped
Skipping test as we are running on a single device.
[  SKIPPED ] NanoLlamaMultiDeviceTest.NIGHTLY_DDP (0 ms)
[----------] 1 test from NanoLlamaMultiDeviceTest (0 ms total)

[----------] 1 test from ModelNamesFullTest
[ RUN      ] ModelNamesFullTest.SameModel
2026-01-20 02:32:28.965 | info     |     Distributed | Using auto discovery to generate mesh graph. (metal_context.cpp:859)
2026-01-20 02:32:28.965 | info     |     Distributed | Constructing control plane using auto-discovery (no mesh graph descriptor). (metal_context.cpp:836)
2026-01-20 02:32:28.965 | info     |          Fabric | TopologyMapper mapping start (mesh=0): n_log=1, n_phys=1, log_deg_hist={0:1}, phys_deg_hist={0:1} (topology_mapper_utils.cpp:171)
2026-01-20 02:32:28.966 | info     |          Fabric | TopologyMapper mapping start (mesh=0): n_log=1, n_phys=1, log_deg_hist={0:1}, phys_deg_hist={0:1} (topology_mapper_utils.cpp:171)
[       OK ] ModelNamesFullTest.SameModel (8146 ms)
[----------] 1 test from ModelNamesFullTest (8146 ms total)

[----------] 1 test from GPT2SBatch64Test
[ RUN      ] GPT2SBatch64Test.Matmul
2026-01-20 02:32:37.114 | info     |     Distributed | Using auto discovery to generate mesh graph. (metal_context.cpp:859)
2026-01-20 02:32:37.114 | info     |     Distributed | Constructing control plane using auto-discovery (no mesh graph descriptor). (metal_context.cpp:836)
2026-01-20 02:32:37.114 | info     |          Fabric | TopologyMapper mapping start (mesh=0): n_log=1, n_phys=1, log_deg_hist={0:1}, phys_deg_hist={0:1} (topology_mapper_utils.cpp:171)
2026-01-20 02:32:37.115 | info     |          Fabric | TopologyMapper mapping start (mesh=0): n_log=1, n_phys=1, log_deg_hist={0:1}, phys_deg_hist={0:1} (topology_mapper_utils.cpp:171)
Running matmul with shapes Shape([64, 12, 64, 1024]) and Shape([64, 12, 1024, 64]), tranpose_a false transpose_b false
Running matmul with shapes Shape([64, 12, 1024, 64]) and Shape([64, 12, 1024, 64]), tranpose_a false transpose_b true
Running matmul with shapes Shape([64, 12, 1024, 64]) and Shape([64, 12, 1024, 64]), tranpose_a true transpose_b false
Running matmul with shapes Shape([64, 12, 1024, 64]) and Shape([64, 12, 64, 1024]), tranpose_a false transpose_b false
Running matmul with shapes Shape([64, 12, 1024, 1024]) and Shape([64, 12, 1024, 64]), tranpose_a false transpose_b false
Running matmul with shapes Shape([768, 65536]) and Shape([65536, 96]), tranpose_a false transpose_b false
Running matmul with shapes Shape([65536, 768]) and Shape([65536, 96]), tranpose_a true transpose_b false
Running matmul with shapes Shape([65536, 96]) and Shape([1, 1, 96, 768]), tranpose_a false transpose_b false
Running matmul with shapes Shape([65536, 96]) and Shape([1, 1, 768, 96]), tranpose_a false transpose_b true
Running matmul with shapes Shape([3072, 65536]) and Shape([65536, 768]), tranpose_a false transpose_b false
Running matmul with shapes Shape([65536, 3072]) and Shape([65536, 768]), tranpose_a true transpose_b false
Running matmul with shapes Shape([65536, 768]) and Shape([1, 1, 768, 3072]), tranpose_a false transpose_b false
Running matmul with shapes Shape([65536, 768]) and Shape([1, 1, 3072, 768]), tranpose_a false transpose_b true
Running matmul with shapes Shape([768, 65536]) and Shape([65536, 3072]), tranpose_a false transpose_b false
Running matmul with shapes Shape([65536, 768]) and Shape([65536, 3072]), tranpose_a true transpose_b false
Running matmul with shapes Shape([65536, 3072]) and Shape([1, 1, 3072, 768]), tranpose_a false transpose_b false
Running matmul with shapes Shape([65536, 3072]) and Shape([1, 1, 768, 3072]), tranpose_a false transpose_b true
Running matmul with shapes Shape([65536, 3072]) and Shape([3072, 768]), tranpose_a false transpose_b false
Running matmul with shapes Shape([65536, 3072]) and Shape([768, 3072]), tranpose_a false transpose_b true
Running matmul with shapes Shape([768, 65536]) and Shape([65536, 768]), tranpose_a false transpose_b false
Running matmul with shapes Shape([65536, 768]) and Shape([65536, 768]), tranpose_a true transpose_b false
Running matmul with shapes Shape([65536, 768]) and Shape([1, 1, 768, 768]), tranpose_a false transpose_b false
Running matmul with shapes Shape([768, 65536]) and Shape([1, 1, 768, 768]), tranpose_a true transpose_b false
Running matmul with shapes Shape([768, 65536]) and Shape([65536, 2304]), tranpose_a false transpose_b false
Running matmul with shapes Shape([65536, 768]) and Shape([65536, 2304]), tranpose_a true transpose_b false
Running matmul with shapes Shape([65536, 768]) and Shape([768, 50257]), tranpose_a false transpose_b false
Running matmul with shapes Shape([65536, 768]) and Shape([50304, 768]), tranpose_a false transpose_b true
Running matmul with shapes Shape([65536, 50304]) and Shape([50304, 768]), tranpose_a false transpose_b false
[       OK ] GPT2SBatch64Test.Matmul (78013 ms)
[----------] 1 test from GPT2SBatch64Test (78013 ms total)

[----------] 1 test from LinearRegressionFullTest
[ RUN      ] LinearRegressionFullTest.TestLinearRegressionFull
2026-01-20 02:33:55.122 | info     |     Distributed | Using auto discovery to generate mesh graph. (metal_context.cpp:859)
2026-01-20 02:33:55.122 | info     |     Distributed | Constructing control plane using auto-discovery (no mesh graph descriptor). (metal_context.cpp:836)
2026-01-20 02:33:55.123 | info     |          Fabric | TopologyMapper mapping start (mesh=0): n_log=1, n_phys=1, log_deg_hist={0:1}, phys_deg_hist={0:1} (topology_mapper_utils.cpp:171)
2026-01-20 02:33:55.123 | info     |          Fabric | TopologyMapper mapping start (mesh=0): n_log=1, n_phys=1, log_deg_hist={0:1}, phys_deg_hist={0:1} (topology_mapper_utils.cpp:171)
[       OK ] LinearRegressionFullTest.TestLinearRegressionFull (34734 ms)
[----------] 1 test from LinearRegressionFullTest (34734 ms total)

[----------] 2 tests from WeightTyingTest
[ RUN      ] WeightTyingTest.ModelFC
2026-01-20 02:34:29.861 | info     |     Distributed | Using auto discovery to generate mesh graph. (metal_context.cpp:859)
2026-01-20 02:34:29.861 | info     |     Distributed | Constructing control plane using auto-discovery (no mesh graph descriptor). (metal_context.cpp:836)
2026-01-20 02:34:29.862 | info     |          Fabric | TopologyMapper mapping start (mesh=0): n_log=1, n_phys=1, log_deg_hist={0:1}, phys_deg_hist={0:1} (topology_mapper_utils.cpp:171)
2026-01-20 02:34:29.862 | info     |          Fabric | TopologyMapper mapping start (mesh=0): n_log=1, n_phys=1, log_deg_hist={0:1}, phys_deg_hist={0:1} (topology_mapper_utils.cpp:171)
[       OK ] WeightTyingTest.ModelFC (25253 ms)
[ RUN      ] WeightTyingTest.LanguageModel
2026-01-20 02:34:55.113 | info     |     Distributed | Using auto discovery to generate mesh graph. (metal_context.cpp:859)
2026-01-20 02:34:55.113 | info     |     Distributed | Constructing control plane using auto-discovery (no mesh graph descriptor). (metal_context.cpp:836)
2026-01-20 02:34:55.113 | info     |          Fabric | TopologyMapper mapping start (mesh=0): n_log=1, n_phys=1, log_deg_hist={0:1}, phys_deg_hist={0:1} (topology_mapper_utils.cpp:171)
2026-01-20 02:34:55.114 | info     |          Fabric | TopologyMapper mapping start (mesh=0): n_log=1, n_phys=1, log_deg_hist={0:1}, phys_deg_hist={0:1} (topology_mapper_utils.cpp:171)
[       OK ] WeightTyingTest.LanguageModel (1256 ms)
[----------] 2 tests from WeightTyingTest (26510 ms total)

[----------] 1 test from ConcatOpTest
[ RUN      ] ConcatOpTest.TestConcatLastDim
2026-01-20 02:34:56.369 | info     |     Distributed | Using auto discovery to generate mesh graph. (metal_context.cpp:859)
2026-01-20 02:34:56.369 | info     |     Distributed | Constructing control plane using auto-discovery (no mesh graph descriptor). (metal_context.cpp:836)
2026-01-20 02:34:56.369 | info     |          Fabric | TopologyMapper mapping start (mesh=0): n_log=1, n_phys=1, log_deg_hist={0:1}, phys_deg_hist={0:1} (topology_mapper_utils.cpp:171)
2026-01-20 02:34:56.370 | info     |          Fabric | TopologyMapper mapping start (mesh=0): n_log=1, n_phys=1, log_deg_hist={0:1}, phys_deg_hist={0:1} (topology_mapper_utils.cpp:171)
[       OK ] ConcatOpTest.TestConcatLastDim (10985 ms)
[----------] 1 test from ConcatOpTest (10985 ms total)

[----------] 4 tests from TrivialTnnFixedDistributedTest
[ RUN      ] TrivialTnnFixedDistributedTest.TestCustomScatterDim0
2026-01-20 02:35:07.344 | info     |             UMD | Established firmware bundle version: 19.3.1 (topology_discovery.cpp:369)
/workspace/tt-metal/tt-train/tests/ttnn_fixed/distributed/distributed_ttnn_ops_test.cpp:29: Skipped
Skipping N300 specific tests
[  SKIPPED ] TrivialTnnFixedDistributedTest.TestCustomScatterDim0 (12 ms)
[ RUN      ] TrivialTnnFixedDistributedTest.TestCustomScatterDim1
2026-01-20 02:35:07.356 | info     |             UMD | Established firmware bundle version: 19.3.1 (topology_discovery.cpp:369)
/workspace/tt-metal/tt-train/tests/ttnn_fixed/distributed/distributed_ttnn_ops_test.cpp:29: Skipped
Skipping N300 specific tests
[  SKIPPED ] TrivialTnnFixedDistributedTest.TestCustomScatterDim1 (12 ms)
[ RUN      ] TrivialTnnFixedDistributedTest.TestCustomScatterDim2
2026-01-20 02:35:07.367 | info     |             UMD | Established firmware bundle version: 19.3.1 (topology_discovery.cpp:369)
/workspace/tt-metal/tt-train/tests/ttnn_fixed/distributed/distributed_ttnn_ops_test.cpp:29: Skipped
Skipping N300 specific tests
[  SKIPPED ] TrivialTnnFixedDistributedTest.TestCustomScatterDim2 (11 ms)
[ RUN      ] TrivialTnnFixedDistributedTest.TestCustomScatterDim3
2026-01-20 02:35:07.379 | info     |             UMD | Established firmware bundle version: 19.3.1 (topology_discovery.cpp:369)
/workspace/tt-metal/tt-train/tests/ttnn_fixed/distributed/distributed_ttnn_ops_test.cpp:29: Skipped
Skipping N300 specific tests
[  SKIPPED ] TrivialTnnFixedDistributedTest.TestCustomScatterDim3 (11 ms)
[----------] 4 tests from TrivialTnnFixedDistributedTest (47 ms total)

[----------] 10 tests from TrivialTnnFixedTest
[ RUN      ] TrivialTnnFixedTest.TestMaxNegativeOne
2026-01-20 02:35:07.404 | info     |     Distributed | Using auto discovery to generate mesh graph. (metal_context.cpp:859)
2026-01-20 02:35:07.404 | info     |     Distributed | Constructing control plane using auto-discovery (no mesh graph descriptor). (metal_context.cpp:836)
2026-01-20 02:35:07.404 | info     |          Fabric | TopologyMapper mapping start (mesh=0): n_log=1, n_phys=1, log_deg_hist={0:1}, phys_deg_hist={0:1} (topology_mapper_utils.cpp:171)
2026-01-20 02:35:07.405 | info     |          Fabric | TopologyMapper mapping start (mesh=0): n_log=1, n_phys=1, log_deg_hist={0:1}, phys_deg_hist={0:1} (topology_mapper_utils.cpp:171)
[       OK ] TrivialTnnFixedTest.TestMaxNegativeOne (4441 ms)
[ RUN      ] TrivialTnnFixedTest.TestMaxNegativeBatch
2026-01-20 02:35:11.848 | info     |     Distributed | Using auto discovery to generate mesh graph. (metal_context.cpp:859)
2026-01-20 02:35:11.848 | info     |     Distributed | Constructing control plane using auto-discovery (no mesh graph descriptor). (metal_context.cpp:836)
2026-01-20 02:35:11.848 | info     |          Fabric | TopologyMapper mapping start (mesh=0): n_log=1, n_phys=1, log_deg_hist={0:1}, phys_deg_hist={0:1} (topology_mapper_utils.cpp:171)
2026-01-20 02:35:11.849 | info     |          Fabric | TopologyMapper mapping start (mesh=0): n_log=1, n_phys=1, log_deg_hist={0:1}, phys_deg_hist={0:1} (topology_mapper_utils.cpp:171)
[       OK ] TrivialTnnFixedTest.TestMaxNegativeBatch (2872 ms)
[ RUN      ] TrivialTnnFixedTest.TestStableSoftmax_0
2026-01-20 02:35:14.715 | info     |     Distributed | Using auto discovery to generate mesh graph. (metal_context.cpp:859)
2026-01-20 02:35:14.715 | info     |     Distributed | Constructing control plane using auto-discovery (no mesh graph descriptor). (metal_context.cpp:836)
2026-01-20 02:35:14.715 | info     |          Fabric | TopologyMapper mapping start (mesh=0): n_log=1, n_phys=1, log_deg_hist={0:1}, phys_deg_hist={0:1} (topology_mapper_utils.cpp:171)
2026-01-20 02:35:14.715 | info     |          Fabric | TopologyMapper mapping start (mesh=0): n_log=1, n_phys=1, log_deg_hist={0:1}, phys_deg_hist={0:1} (topology_mapper_utils.cpp:171)
[       OK ] TrivialTnnFixedTest.TestStableSoftmax_0 (3549 ms)
[ RUN      ] TrivialTnnFixedTest.TestOriginalStableSoftmax_AllNegative
2026-01-20 02:35:18.268 | info     |     Distributed | Using auto discovery to generate mesh graph. (metal_context.cpp:859)
2026-01-20 02:35:18.269 | info     |     Distributed | Constructing control plane using auto-discovery (no mesh graph descriptor). (metal_context.cpp:836)
2026-01-20 02:35:18.269 | info     |          Fabric | TopologyMapper mapping start (mesh=0): n_log=1, n_phys=1, log_deg_hist={0:1}, phys_deg_hist={0:1} (topology_mapper_utils.cpp:171)
2026-01-20 02:35:18.270 | info     |          Fabric | TopologyMapper mapping start (mesh=0): n_log=1, n_phys=1, log_deg_hist={0:1}, phys_deg_hist={0:1} (topology_mapper_utils.cpp:171)
[       OK ] TrivialTnnFixedTest.TestOriginalStableSoftmax_AllNegative (3598 ms)
[ RUN      ] TrivialTnnFixedTest.TestStableSoftmax_2
2026-01-20 02:35:21.864 | info     |     Distributed | Using auto discovery to generate mesh graph. (metal_context.cpp:859)
2026-01-20 02:35:21.864 | info     |     Distributed | Constructing control plane using auto-discovery (no mesh graph descriptor). (metal_context.cpp:836)
2026-01-20 02:35:21.865 | info     |          Fabric | TopologyMapper mapping start (mesh=0): n_log=1, n_phys=1, log_deg_hist={0:1}, phys_deg_hist={0:1} (topology_mapper_utils.cpp:171)
2026-01-20 02:35:21.865 | info     |          Fabric | TopologyMapper mapping start (mesh=0): n_log=1, n_phys=1, log_deg_hist={0:1}, phys_deg_hist={0:1} (topology_mapper_utils.cpp:171)
[       OK ] TrivialTnnFixedTest.TestStableSoftmax_2 (2781 ms)
[ RUN      ] TrivialTnnFixedTest.TestSumOverBatch_0
2026-01-20 02:35:24.644 | info     |     Distributed | Using auto discovery to generate mesh graph. (metal_context.cpp:859)
2026-01-20 02:35:24.644 | info     |     Distributed | Constructing control plane using auto-discovery (no mesh graph descriptor). (metal_context.cpp:836)
2026-01-20 02:35:24.645 | info     |          Fabric | TopologyMapper mapping start (mesh=0): n_log=1, n_phys=1, log_deg_hist={0:1}, phys_deg_hist={0:1} (topology_mapper_utils.cpp:171)
2026-01-20 02:35:24.645 | info     |          Fabric | TopologyMapper mapping start (mesh=0): n_log=1, n_phys=1, log_deg_hist={0:1}, phys_deg_hist={0:1} (topology_mapper_utils.cpp:171)
[       OK ] TrivialTnnFixedTest.TestSumOverBatch_0 (3307 ms)
[ RUN      ] TrivialTnnFixedTest.TestDivide
2026-01-20 02:35:27.959 | info     |     Distributed | Using auto discovery to generate mesh graph. (metal_context.cpp:859)
2026-01-20 02:35:27.960 | info     |     Distributed | Constructing control plane using auto-discovery (no mesh graph descriptor). (metal_context.cpp:836)
2026-01-20 02:35:27.960 | info     |          Fabric | TopologyMapper mapping start (mesh=0): n_log=1, n_phys=1, log_deg_hist={0:1}, phys_deg_hist={0:1} (topology_mapper_utils.cpp:171)
2026-01-20 02:35:27.961 | info     |          Fabric | TopologyMapper mapping start (mesh=0): n_log=1, n_phys=1, log_deg_hist={0:1}, phys_deg_hist={0:1} (topology_mapper_utils.cpp:171)
[       OK ] TrivialTnnFixedTest.TestDivide (1219 ms)
[ RUN      ] TrivialTnnFixedTest.TestSumOverBatch_1
2026-01-20 02:35:29.171 | info     |     Distributed | Using auto discovery to generate mesh graph. (metal_context.cpp:859)
2026-01-20 02:35:29.171 | info     |     Distributed | Constructing control plane using auto-discovery (no mesh graph descriptor). (metal_context.cpp:836)
2026-01-20 02:35:29.172 | info     |          Fabric | TopologyMapper mapping start (mesh=0): n_log=1, n_phys=1, log_deg_hist={0:1}, phys_deg_hist={0:1} (topology_mapper_utils.cpp:171)
2026-01-20 02:35:29.172 | info     |          Fabric | TopologyMapper mapping start (mesh=0): n_log=1, n_phys=1, log_deg_hist={0:1}, phys_deg_hist={0:1} (topology_mapper_utils.cpp:171)
[       OK ] TrivialTnnFixedTest.TestSumOverBatch_1 (3125 ms)
[ RUN      ] TrivialTnnFixedTest.TestSamplingZeroTemperatureNoMask
2026-01-20 02:35:32.299 | info     |     Distributed | Using auto discovery to generate mesh graph. (metal_context.cpp:859)
2026-01-20 02:35:32.299 | info     |     Distributed | Constructing control plane using auto-discovery (no mesh graph descriptor). (metal_context.cpp:836)
2026-01-20 02:35:32.299 | info     |          Fabric | TopologyMapper mapping start (mesh=0): n_log=1, n_phys=1, log_deg_hist={0:1}, phys_deg_hist={0:1} (topology_mapper_utils.cpp:171)
2026-01-20 02:35:32.299 | info     |          Fabric | TopologyMapper mapping start (mesh=0): n_log=1, n_phys=1, log_deg_hist={0:1}, phys_deg_hist={0:1} (topology_mapper_utils.cpp:171)
[       OK ] TrivialTnnFixedTest.TestSamplingZeroTemperatureNoMask (6446 ms)
[ RUN      ] TrivialTnnFixedTest.TestSamplingPositiveTemperatureNoMask
2026-01-20 02:35:38.750 | info     |     Distributed | Using auto discovery to generate mesh graph. (metal_context.cpp:859)
2026-01-20 02:35:38.750 | info     |     Distributed | Constructing control plane using auto-discovery (no mesh graph descriptor). (metal_context.cpp:836)
2026-01-20 02:35:38.750 | info     |          Fabric | TopologyMapper mapping start (mesh=0): n_log=1, n_phys=1, log_deg_hist={0:1}, phys_deg_hist={0:1} (topology_mapper_utils.cpp:171)
2026-01-20 02:35:38.751 | info     |          Fabric | TopologyMapper mapping start (mesh=0): n_log=1, n_phys=1, log_deg_hist={0:1}, phys_deg_hist={0:1} (topology_mapper_utils.cpp:171)
[       OK ] TrivialTnnFixedTest.TestSamplingPositiveTemperatureNoMask (11838 ms)
[----------] 10 tests from TrivialTnnFixedTest (43180 ms total)

[----------] 8 tests from MatmulsTest
[ RUN      ] MatmulsTest.MatMulNoTranspose
2026-01-20 02:35:50.584 | info     |     Distributed | Using auto discovery to generate mesh graph. (metal_context.cpp:859)
2026-01-20 02:35:50.584 | info     |     Distributed | Constructing control plane using auto-discovery (no mesh graph descriptor). (metal_context.cpp:836)
2026-01-20 02:35:50.585 | info     |          Fabric | TopologyMapper mapping start (mesh=0): n_log=1, n_phys=1, log_deg_hist={0:1}, phys_deg_hist={0:1} (topology_mapper_utils.cpp:171)
2026-01-20 02:35:50.585 | info     |          Fabric | TopologyMapper mapping start (mesh=0): n_log=1, n_phys=1, log_deg_hist={0:1}, phys_deg_hist={0:1} (topology_mapper_utils.cpp:171)
[       OK ] MatmulsTest.MatMulNoTranspose (3030 ms)
[ RUN      ] MatmulsTest.MatMulTransposeA
2026-01-20 02:35:53.611 | info     |     Distributed | Using auto discovery to generate mesh graph. (metal_context.cpp:859)
2026-01-20 02:35:53.611 | info     |     Distributed | Constructing control plane using auto-discovery (no mesh graph descriptor). (metal_context.cpp:836)
2026-01-20 02:35:53.611 | info     |          Fabric | TopologyMapper mapping start (mesh=0): n_log=1, n_phys=1, log_deg_hist={0:1}, phys_deg_hist={0:1} (topology_mapper_utils.cpp:171)
2026-01-20 02:35:53.612 | info     |          Fabric | TopologyMapper mapping start (mesh=0): n_log=1, n_phys=1, log_deg_hist={0:1}, phys_deg_hist={0:1} (topology_mapper_utils.cpp:171)
[       OK ] MatmulsTest.MatMulTransposeA (3086 ms)
[ RUN      ] MatmulsTest.MatMulTransposeB
2026-01-20 02:35:56.699 | info     |     Distributed | Using auto discovery to generate mesh graph. (metal_context.cpp:859)
2026-01-20 02:35:56.699 | info     |     Distributed | Constructing control plane using auto-discovery (no mesh graph descriptor). (metal_context.cpp:836)
2026-01-20 02:35:56.700 | info     |          Fabric | TopologyMapper mapping start (mesh=0): n_log=1, n_phys=1, log_deg_hist={0:1}, phys_deg_hist={0:1} (topology_mapper_utils.cpp:171)
2026-01-20 02:35:56.700 | info     |          Fabric | TopologyMapper mapping start (mesh=0): n_log=1, n_phys=1, log_deg_hist={0:1}, phys_deg_hist={0:1} (topology_mapper_utils.cpp:171)
[       OK ] MatmulsTest.MatMulTransposeB (2949 ms)
[ RUN      ] MatmulsTest.MatMulTransposeBoth
2026-01-20 02:35:59.654 | info     |     Distributed | Using auto discovery to generate mesh graph. (metal_context.cpp:859)
2026-01-20 02:35:59.654 | info     |     Distributed | Constructing control plane using auto-discovery (no mesh graph descriptor). (metal_context.cpp:836)
2026-01-20 02:35:59.655 | info     |          Fabric | TopologyMapper mapping start (mesh=0): n_log=1, n_phys=1, log_deg_hist={0:1}, phys_deg_hist={0:1} (topology_mapper_utils.cpp:171)
2026-01-20 02:35:59.655 | info     |          Fabric | TopologyMapper mapping start (mesh=0): n_log=1, n_phys=1, log_deg_hist={0:1}, phys_deg_hist={0:1} (topology_mapper_utils.cpp:171)
[       OK ] MatmulsTest.MatMulTransposeBoth (2926 ms)
[ RUN      ] MatmulsTest.MatMulBackwardNoTranspose
2026-01-20 02:36:02.576 | info     |     Distributed | Using auto discovery to generate mesh graph. (metal_context.cpp:859)
2026-01-20 02:36:02.576 | info     |     Distributed | Constructing control plane using auto-discovery (no mesh graph descriptor). (metal_context.cpp:836)
2026-01-20 02:36:02.577 | info     |          Fabric | TopologyMapper mapping start (mesh=0): n_log=1, n_phys=1, log_deg_hist={0:1}, phys_deg_hist={0:1} (topology_mapper_utils.cpp:171)
2026-01-20 02:36:02.577 | info     |          Fabric | TopologyMapper mapping start (mesh=0): n_log=1, n_phys=1, log_deg_hist={0:1}, phys_deg_hist={0:1} (topology_mapper_utils.cpp:171)
[       OK ] MatmulsTest.MatMulBackwardNoTranspose (1303 ms)
[ RUN      ] MatmulsTest.MatMulBackwardTransposeA
2026-01-20 02:36:03.881 | info     |     Distributed | Using auto discovery to generate mesh graph. (metal_context.cpp:859)
2026-01-20 02:36:03.881 | info     |     Distributed | Constructing control plane using auto-discovery (no mesh graph descriptor). (metal_context.cpp:836)
2026-01-20 02:36:03.881 | info     |          Fabric | TopologyMapper mapping start (mesh=0): n_log=1, n_phys=1, log_deg_hist={0:1}, phys_deg_hist={0:1} (topology_mapper_utils.cpp:171)
2026-01-20 02:36:03.881 | info     |          Fabric | TopologyMapper mapping start (mesh=0): n_log=1, n_phys=1, log_deg_hist={0:1}, phys_deg_hist={0:1} (topology_mapper_utils.cpp:171)
[       OK ] MatmulsTest.MatMulBackwardTransposeA (1218 ms)
[ RUN      ] MatmulsTest.MatMulBackwardTransposeB
2026-01-20 02:36:05.096 | info     |     Distributed | Using auto discovery to generate mesh graph. (metal_context.cpp:859)
2026-01-20 02:36:05.096 | info     |     Distributed | Constructing control plane using auto-discovery (no mesh graph descriptor). (metal_context.cpp:836)
2026-01-20 02:36:05.097 | info     |          Fabric | TopologyMapper mapping start (mesh=0): n_log=1, n_phys=1, log_deg_hist={0:1}, phys_deg_hist={0:1} (topology_mapper_utils.cpp:171)
2026-01-20 02:36:05.097 | info     |          Fabric | TopologyMapper mapping start (mesh=0): n_log=1, n_phys=1, log_deg_hist={0:1}, phys_deg_hist={0:1} (topology_mapper_utils.cpp:171)
[       OK ] MatmulsTest.MatMulBackwardTransposeB (1362 ms)
[ RUN      ] MatmulsTest.MatMulBackwardTransposeBoth
2026-01-20 02:36:06.461 | info     |     Distributed | Using auto discovery to generate mesh graph. (metal_context.cpp:859)
2026-01-20 02:36:06.461 | info     |     Distributed | Constructing control plane using auto-discovery (no mesh graph descriptor). (metal_context.cpp:836)
2026-01-20 02:36:06.462 | info     |          Fabric | TopologyMapper mapping start (mesh=0): n_log=1, n_phys=1, log_deg_hist={0:1}, phys_deg_hist={0:1} (topology_mapper_utils.cpp:171)
2026-01-20 02:36:06.462 | info     |          Fabric | TopologyMapper mapping start (mesh=0): n_log=1, n_phys=1, log_deg_hist={0:1}, phys_deg_hist={0:1} (topology_mapper_utils.cpp:171)
[       OK ] MatmulsTest.MatMulBackwardTransposeBoth (1213 ms)
[----------] 8 tests from MatmulsTest (17092 ms total)

[----------] 5 tests from ReduceOpTest
[ RUN      ] ReduceOpTest.TestMeanDim0
2026-01-20 02:36:07.678 | info     |     Distributed | Using auto discovery to generate mesh graph. (metal_context.cpp:859)
2026-01-20 02:36:07.678 | info     |     Distributed | Constructing control plane using auto-discovery (no mesh graph descriptor). (metal_context.cpp:836)
2026-01-20 02:36:07.678 | info     |          Fabric | TopologyMapper mapping start (mesh=0): n_log=1, n_phys=1, log_deg_hist={0:1}, phys_deg_hist={0:1} (topology_mapper_utils.cpp:171)
2026-01-20 02:36:07.679 | info     |          Fabric | TopologyMapper mapping start (mesh=0): n_log=1, n_phys=1, log_deg_hist={0:1}, phys_deg_hist={0:1} (topology_mapper_utils.cpp:171)
[       OK ] ReduceOpTest.TestMeanDim0 (5954 ms)
[ RUN      ] ReduceOpTest.TestSumDim0
2026-01-20 02:36:13.631 | info     |     Distributed | Using auto discovery to generate mesh graph. (metal_context.cpp:859)
2026-01-20 02:36:13.631 | info     |     Distributed | Constructing control plane using auto-discovery (no mesh graph descriptor). (metal_context.cpp:836)
2026-01-20 02:36:13.631 | info     |          Fabric | TopologyMapper mapping start (mesh=0): n_log=1, n_phys=1, log_deg_hist={0:1}, phys_deg_hist={0:1} (topology_mapper_utils.cpp:171)
2026-01-20 02:36:13.631 | info     |          Fabric | TopologyMapper mapping start (mesh=0): n_log=1, n_phys=1, log_deg_hist={0:1}, phys_deg_hist={0:1} (topology_mapper_utils.cpp:171)
[       OK ] ReduceOpTest.TestSumDim0 (2869 ms)
[ RUN      ] ReduceOpTest.TestMeanDim3
2026-01-20 02:36:16.500 | info     |     Distributed | Using auto discovery to generate mesh graph. (metal_context.cpp:859)
2026-01-20 02:36:16.500 | info     |     Distributed | Constructing control plane using auto-discovery (no mesh graph descriptor). (metal_context.cpp:836)
2026-01-20 02:36:16.501 | info     |          Fabric | TopologyMapper mapping start (mesh=0): n_log=1, n_phys=1, log_deg_hist={0:1}, phys_deg_hist={0:1} (topology_mapper_utils.cpp:171)
2026-01-20 02:36:16.501 | info     |          Fabric | TopologyMapper mapping start (mesh=0): n_log=1, n_phys=1, log_deg_hist={0:1}, phys_deg_hist={0:1} (topology_mapper_utils.cpp:171)
[       OK ] ReduceOpTest.TestMeanDim3 (2942 ms)
[ RUN      ] ReduceOpTest.TestSumDim3
2026-01-20 02:36:19.442 | info     |     Distributed | Using auto discovery to generate mesh graph. (metal_context.cpp:859)
2026-01-20 02:36:19.442 | info     |     Distributed | Constructing control plane using auto-discovery (no mesh graph descriptor). (metal_context.cpp:836)
2026-01-20 02:36:19.443 | info     |          Fabric | TopologyMapper mapping start (mesh=0): n_log=1, n_phys=1, log_deg_hist={0:1}, phys_deg_hist={0:1} (topology_mapper_utils.cpp:171)
2026-01-20 02:36:19.443 | info     |          Fabric | TopologyMapper mapping start (mesh=0): n_log=1, n_phys=1, log_deg_hist={0:1}, phys_deg_hist={0:1} (topology_mapper_utils.cpp:171)
[       OK ] ReduceOpTest.TestSumDim3 (4692 ms)
[ RUN      ] ReduceOpTest.TestMeanLargeDim3
2026-01-20 02:36:24.136 | info     |     Distributed | Using auto discovery to generate mesh graph. (metal_context.cpp:859)
2026-01-20 02:36:24.136 | info     |     Distributed | Constructing control plane using auto-discovery (no mesh graph descriptor). (metal_context.cpp:836)
2026-01-20 02:36:24.136 | info     |          Fabric | TopologyMapper mapping start (mesh=0): n_log=1, n_phys=1, log_deg_hist={0:1}, phys_deg_hist={0:1} (topology_mapper_utils.cpp:171)
2026-01-20 02:36:24.137 | info     |          Fabric | TopologyMapper mapping start (mesh=0): n_log=1, n_phys=1, log_deg_hist={0:1}, phys_deg_hist={0:1} (topology_mapper_utils.cpp:171)
[       OK ] ReduceOpTest.TestMeanLargeDim3 (7017 ms)
[----------] 5 tests from ReduceOpTest (23476 ms total)

[----------] 3 tests from DropoutTest
[ RUN      ] DropoutTest.TestSeed
2026-01-20 02:36:31.155 | info     |     Distributed | Using auto discovery to generate mesh graph. (metal_context.cpp:859)
2026-01-20 02:36:31.155 | info     |     Distributed | Constructing control plane using auto-discovery (no mesh graph descriptor). (metal_context.cpp:836)
2026-01-20 02:36:31.156 | info     |          Fabric | TopologyMapper mapping start (mesh=0): n_log=1, n_phys=1, log_deg_hist={0:1}, phys_deg_hist={0:1} (topology_mapper_utils.cpp:171)
2026-01-20 02:36:31.156 | info     |          Fabric | TopologyMapper mapping start (mesh=0): n_log=1, n_phys=1, log_deg_hist={0:1}, phys_deg_hist={0:1} (topology_mapper_utils.cpp:171)
Testing shape: {64, 1, 256, 384}
Testing shape: {1, 1, 32, 32}
[       OK ] DropoutTest.TestSeed (11548 ms)
[ RUN      ] DropoutTest.TestProb
2026-01-20 02:36:42.705 | info     |     Distributed | Using auto discovery to generate mesh graph. (metal_context.cpp:859)
2026-01-20 02:36:42.705 | info     |     Distributed | Constructing control plane using auto-discovery (no mesh graph descriptor). (metal_context.cpp:836)
2026-01-20 02:36:42.706 | info     |          Fabric | TopologyMapper mapping start (mesh=0): n_log=1, n_phys=1, log_deg_hist={0:1}, phys_deg_hist={0:1} (topology_mapper_utils.cpp:171)
2026-01-20 02:36:42.706 | info     |          Fabric | TopologyMapper mapping start (mesh=0): n_log=1, n_phys=1, log_deg_hist={0:1}, phys_deg_hist={0:1} (topology_mapper_utils.cpp:171)
[       OK ] DropoutTest.TestProb (51598 ms)
[ RUN      ] DropoutTest.TestKeepRatioApproximatelyNormal
2026-01-20 02:37:34.304 | info     |     Distributed | Using auto discovery to generate mesh graph. (metal_context.cpp:859)
2026-01-20 02:37:34.304 | info     |     Distributed | Constructing control plane using auto-discovery (no mesh graph descriptor). (metal_context.cpp:836)
2026-01-20 02:37:34.305 | info     |          Fabric | TopologyMapper mapping start (mesh=0): n_log=1, n_phys=1, log_deg_hist={0:1}, phys_deg_hist={0:1} (topology_mapper_utils.cpp:171)
2026-01-20 02:37:34.305 | info     |          Fabric | TopologyMapper mapping start (mesh=0): n_log=1, n_phys=1, log_deg_hist={0:1}, phys_deg_hist={0:1} (topology_mapper_utils.cpp:171)
/workspace/tt-metal/tt-train/tests/ttnn_fixed/dropout_op_test.cpp:89: Skipped
Currently random number generator using in the WH is not perfect. This Test show that distribution is not normal.
[  SKIPPED ] DropoutTest.TestKeepRatioApproximatelyNormal (1210 ms)
[----------] 3 tests from DropoutTest (64357 ms total)

[----------] 1 test from SliceOpTest
[ RUN      ] SliceOpTest.Slice_BROKEN
2026-01-20 02:37:35.511 | info     |     Distributed | Using auto discovery to generate mesh graph. (metal_context.cpp:859)
2026-01-20 02:37:35.512 | info     |     Distributed | Constructing control plane using auto-discovery (no mesh graph descriptor). (metal_context.cpp:836)
2026-01-20 02:37:35.512 | info     |          Fabric | TopologyMapper mapping start (mesh=0): n_log=1, n_phys=1, log_deg_hist={0:1}, phys_deg_hist={0:1} (topology_mapper_utils.cpp:171)
2026-01-20 02:37:35.512 | info     |          Fabric | TopologyMapper mapping start (mesh=0): n_log=1, n_phys=1, log_deg_hist={0:1}, phys_deg_hist={0:1} (topology_mapper_utils.cpp:171)
[       OK ] SliceOpTest.Slice_BROKEN (6084 ms)
[----------] 1 test from SliceOpTest (6084 ms total)

[----------] 3 tests from AutogradTensorTest
[ RUN      ] AutogradTensorTest.AutogradTensorFLOAT32
2026-01-20 02:37:41.595 | info     |     Distributed | Using auto discovery to generate mesh graph. (metal_context.cpp:859)
2026-01-20 02:37:41.595 | info     |     Distributed | Constructing control plane using auto-discovery (no mesh graph descriptor). (metal_context.cpp:836)
2026-01-20 02:37:41.596 | info     |          Fabric | TopologyMapper mapping start (mesh=0): n_log=1, n_phys=1, log_deg_hist={0:1}, phys_deg_hist={0:1} (topology_mapper_utils.cpp:171)
2026-01-20 02:37:41.596 | info     |          Fabric | TopologyMapper mapping start (mesh=0): n_log=1, n_phys=1, log_deg_hist={0:1}, phys_deg_hist={0:1} (topology_mapper_utils.cpp:171)
[       OK ] AutogradTensorTest.AutogradTensorFLOAT32 (1226 ms)
[ RUN      ] AutogradTensorTest.AutogradTensorBFLOAT16
2026-01-20 02:37:42.821 | info     |     Distributed | Using auto discovery to generate mesh graph. (metal_context.cpp:859)
2026-01-20 02:37:42.821 | info     |     Distributed | Constructing control plane using auto-discovery (no mesh graph descriptor). (metal_context.cpp:836)
2026-01-20 02:37:42.821 | info     |          Fabric | TopologyMapper mapping start (mesh=0): n_log=1, n_phys=1, log_deg_hist={0:1}, phys_deg_hist={0:1} (topology_mapper_utils.cpp:171)
2026-01-20 02:37:42.822 | info     |          Fabric | TopologyMapper mapping start (mesh=0): n_log=1, n_phys=1, log_deg_hist={0:1}, phys_deg_hist={0:1} (topology_mapper_utils.cpp:171)
[       OK ] AutogradTensorTest.AutogradTensorBFLOAT16 (1263 ms)
[ RUN      ] AutogradTensorTest.AutocastTensor
2026-01-20 02:37:44.090 | info     |     Distributed | Using auto discovery to generate mesh graph. (metal_context.cpp:859)
2026-01-20 02:37:44.090 | info     |     Distributed | Constructing control plane using auto-discovery (no mesh graph descriptor). (metal_context.cpp:836)
2026-01-20 02:37:44.091 | info     |          Fabric | TopologyMapper mapping start (mesh=0): n_log=1, n_phys=1, log_deg_hist={0:1}, phys_deg_hist={0:1} (topology_mapper_utils.cpp:171)
2026-01-20 02:37:44.091 | info     |          Fabric | TopologyMapper mapping start (mesh=0): n_log=1, n_phys=1, log_deg_hist={0:1}, phys_deg_hist={0:1} (topology_mapper_utils.cpp:171)
[       OK ] AutogradTensorTest.AutocastTensor (1210 ms)
[----------] 3 tests from AutogradTensorTest (3701 ms total)

[----------] 3 tests from AutogradTest
[ RUN      ] AutogradTest.TestSum
2026-01-20 02:37:45.297 | info     |     Distributed | Using auto discovery to generate mesh graph. (metal_context.cpp:859)
2026-01-20 02:37:45.297 | info     |     Distributed | Constructing control plane using auto-discovery (no mesh graph descriptor). (metal_context.cpp:836)
2026-01-20 02:37:45.297 | info     |          Fabric | TopologyMapper mapping start (mesh=0): n_log=1, n_phys=1, log_deg_hist={0:1}, phys_deg_hist={0:1} (topology_mapper_utils.cpp:171)
2026-01-20 02:37:45.297 | info     |          Fabric | TopologyMapper mapping start (mesh=0): n_log=1, n_phys=1, log_deg_hist={0:1}, phys_deg_hist={0:1} (topology_mapper_utils.cpp:171)
[       OK ] AutogradTest.TestSum (1274 ms)
[ RUN      ] AutogradTest.TestMul
2026-01-20 02:37:46.573 | info     |     Distributed | Using auto discovery to generate mesh graph. (metal_context.cpp:859)
2026-01-20 02:37:46.573 | info     |     Distributed | Constructing control plane using auto-discovery (no mesh graph descriptor). (metal_context.cpp:836)
2026-01-20 02:37:46.573 | info     |          Fabric | TopologyMapper mapping start (mesh=0): n_log=1, n_phys=1, log_deg_hist={0:1}, phys_deg_hist={0:1} (topology_mapper_utils.cpp:171)
2026-01-20 02:37:46.573 | info     |          Fabric | TopologyMapper mapping start (mesh=0): n_log=1, n_phys=1, log_deg_hist={0:1}, phys_deg_hist={0:1} (topology_mapper_utils.cpp:171)
[       OK ] AutogradTest.TestMul (1232 ms)
[ RUN      ] AutogradTest.BroadCastBatchTest
2026-01-20 02:37:47.803 | info     |     Distributed | Using auto discovery to generate mesh graph. (metal_context.cpp:859)
2026-01-20 02:37:47.803 | info     |     Distributed | Constructing control plane using auto-discovery (no mesh graph descriptor). (metal_context.cpp:836)
2026-01-20 02:37:47.804 | info     |          Fabric | TopologyMapper mapping start (mesh=0): n_log=1, n_phys=1, log_deg_hist={0:1}, phys_deg_hist={0:1} (topology_mapper_utils.cpp:171)
2026-01-20 02:37:47.804 | info     |          Fabric | TopologyMapper mapping start (mesh=0): n_log=1, n_phys=1, log_deg_hist={0:1}, phys_deg_hist={0:1} (topology_mapper_utils.cpp:171)
[       OK ] AutogradTest.BroadCastBatchTest (6293 ms)
[----------] 3 tests from AutogradTest (8800 ms total)

[----------] 3 tests from ModuleBaseParametersTest
[ RUN      ] ModuleBaseParametersTest.AllParametersIncluded
2026-01-20 02:37:54.098 | info     |     Distributed | Using auto discovery to generate mesh graph. (metal_context.cpp:859)
2026-01-20 02:37:54.098 | info     |     Distributed | Constructing control plane using auto-discovery (no mesh graph descriptor). (metal_context.cpp:836)
2026-01-20 02:37:54.098 | info     |          Fabric | TopologyMapper mapping start (mesh=0): n_log=1, n_phys=1, log_deg_hist={0:1}, phys_deg_hist={0:1} (topology_mapper_utils.cpp:171)
2026-01-20 02:37:54.099 | info     |          Fabric | TopologyMapper mapping start (mesh=0): n_log=1, n_phys=1, log_deg_hist={0:1}, phys_deg_hist={0:1} (topology_mapper_utils.cpp:171)
[       OK ] ModuleBaseParametersTest.AllParametersIncluded (1277 ms)
[ RUN      ] ModuleBaseParametersTest.NIGHTLY_UnusedParametersInModuleSGD
2026-01-20 02:37:55.373 | info     |     Distributed | Using auto discovery to generate mesh graph. (metal_context.cpp:859)
2026-01-20 02:37:55.373 | info     |     Distributed | Constructing control plane using auto-discovery (no mesh graph descriptor). (metal_context.cpp:836)
2026-01-20 02:37:55.374 | info     |          Fabric | TopologyMapper mapping start (mesh=0): n_log=1, n_phys=1, log_deg_hist={0:1}, phys_deg_hist={0:1} (topology_mapper_utils.cpp:171)
2026-01-20 02:37:55.374 | info     |          Fabric | TopologyMapper mapping start (mesh=0): n_log=1, n_phys=1, log_deg_hist={0:1}, phys_deg_hist={0:1} (topology_mapper_utils.cpp:171)
[       OK ] ModuleBaseParametersTest.NIGHTLY_UnusedParametersInModuleSGD (20410 ms)
[ RUN      ] ModuleBaseParametersTest.NIGHTLY_UnusedParametersInModuleAdamW
2026-01-20 02:38:15.786 | info     |     Distributed | Using auto discovery to generate mesh graph. (metal_context.cpp:859)
2026-01-20 02:38:15.786 | info     |     Distributed | Constructing control plane using auto-discovery (no mesh graph descriptor). (metal_context.cpp:836)
2026-01-20 02:38:15.786 | info     |          Fabric | TopologyMapper mapping start (mesh=0): n_log=1, n_phys=1, log_deg_hist={0:1}, phys_deg_hist={0:1} (topology_mapper_utils.cpp:171)
2026-01-20 02:38:15.786 | info     |          Fabric | TopologyMapper mapping start (mesh=0): n_log=1, n_phys=1, log_deg_hist={0:1}, phys_deg_hist={0:1} (topology_mapper_utils.cpp:171)
[       OK ] ModuleBaseParametersTest.NIGHTLY_UnusedParametersInModuleAdamW (1473 ms)
[----------] 3 tests from ModuleBaseParametersTest (23161 ms total)

[----------] 2 tests from LambdaSchedulerTest
[ RUN      ] LambdaSchedulerTest.ConstantFactor
[       OK ] LambdaSchedulerTest.ConstantFactor (0 ms)
[ RUN      ] LambdaSchedulerTest.VaryingFactor
[       OK ] LambdaSchedulerTest.VaryingFactor (0 ms)
[----------] 2 tests from LambdaSchedulerTest (0 ms total)

[----------] 1 test from StepLRSchedulerTest
[ RUN      ] StepLRSchedulerTest.BasicDecay
[       OK ] StepLRSchedulerTest.BasicDecay (0 ms)
[----------] 1 test from StepLRSchedulerTest (0 ms total)

[----------] 1 test from LinearSchedulerTest
[ RUN      ] LinearSchedulerTest.DecreasingLR
[       OK ] LinearSchedulerTest.DecreasingLR (0 ms)
[----------] 1 test from LinearSchedulerTest (0 ms total)

[----------] 2 tests from SequentialSchedulerTest
[ RUN      ] SequentialSchedulerTest.ChainSchedulers
[       OK ] SequentialSchedulerTest.ChainSchedulers (0 ms)
[ RUN      ] SequentialSchedulerTest.WarmupSetup
[       OK ] SequentialSchedulerTest.WarmupSetup (0 ms)
[----------] 2 tests from SequentialSchedulerTest (0 ms total)

[----------] 4 tests from CharTokenizerTrainerTest
[ RUN      ] CharTokenizerTrainerTest.TrainVocabulary
[       OK ] CharTokenizerTrainerTest.TrainVocabulary (0 ms)
[ RUN      ] CharTokenizerTrainerTest.TrainWithDuplicateCharacters
[       OK ] CharTokenizerTrainerTest.TrainWithDuplicateCharacters (0 ms)
[ RUN      ] CharTokenizerTrainerTest.TrainWithNoPaddingToken
[       OK ] CharTokenizerTrainerTest.TrainWithNoPaddingToken (0 ms)
[ RUN      ] CharTokenizerTrainerTest.TrainWithEmptyString
[       OK ] CharTokenizerTrainerTest.TrainWithEmptyString (0 ms)
[----------] 4 tests from CharTokenizerTrainerTest (0 ms total)

[----------] 5 tests from CharTokenizerTest
[ RUN      ] CharTokenizerTest.Encode
[       OK ] CharTokenizerTest.Encode (0 ms)
[ RUN      ] CharTokenizerTest.EncodeUnknownCharacter
[       OK ] CharTokenizerTest.EncodeUnknownCharacter (18 ms)
[ RUN      ] CharTokenizerTest.Decode
[       OK ] CharTokenizerTest.Decode (0 ms)
[ RUN      ] CharTokenizerTest.DecodeUnknownToken
[       OK ] CharTokenizerTest.DecodeUnknownToken (0 ms)
[ RUN      ] CharTokenizerTest.EncodeDecodeConsistency
[       OK ] CharTokenizerTest.EncodeDecodeConsistency (0 ms)
[----------] 5 tests from CharTokenizerTest (18 ms total)

[----------] 1 test from XTensorTest
[ RUN      ] XTensorTest.BasicOperations
[       OK ] XTensorTest.BasicOperations (0 ms)
[----------] 1 test from XTensorTest (0 ms total)

[----------] 5 tests from InMemoryTokenDatasetTest
[ RUN      ] InMemoryTokenDatasetTest.GetSize
[       OK ] InMemoryTokenDatasetTest.GetSize (0 ms)
[ RUN      ] InMemoryTokenDatasetTest.GetItemFirstSample
[       OK ] InMemoryTokenDatasetTest.GetItemFirstSample (0 ms)
[ RUN      ] InMemoryTokenDatasetTest.GetItemSecondSample
[       OK ] InMemoryTokenDatasetTest.GetItemSecondSample (0 ms)
[ RUN      ] InMemoryTokenDatasetTest.GetItemLastSample
[       OK ] InMemoryTokenDatasetTest.GetItemLastSample (0 ms)
[ RUN      ] InMemoryTokenDatasetTest.GetItemOutOfRange
[       OK ] InMemoryTokenDatasetTest.GetItemOutOfRange (0 ms)
[----------] 5 tests from InMemoryTokenDatasetTest (0 ms total)

[----------] 4 tests from RandomSplitTest
[ RUN      ] RandomSplitTest.TestCorrectSplitting
[       OK ] RandomSplitTest.TestCorrectSplitting (0 ms)
[ RUN      ] RandomSplitTest.TestShuffling
[       OK ] RandomSplitTest.TestShuffling (0 ms)
[ RUN      ] RandomSplitTest.TestSingleSubset
[       OK ] RandomSplitTest.TestSingleSubset (0 ms)
[ RUN      ] RandomSplitTest.TestInvalidSplitting
[       OK ] RandomSplitTest.TestInvalidSplitting (0 ms)
[----------] 4 tests from RandomSplitTest (0 ms total)

[----------] 5 tests from MakeRegressionTest
[ RUN      ] MakeRegressionTest.DatasetSize
[       OK ] MakeRegressionTest.DatasetSize (0 ms)
[ RUN      ] MakeRegressionTest.FeatureAndTargetVectorSizes
[       OK ] MakeRegressionTest.FeatureAndTargetVectorSizes (0 ms)
[ RUN      ] MakeRegressionTest.ReproducibilityWithSeed
[       OK ] MakeRegressionTest.ReproducibilityWithSeed (1 ms)
[ RUN      ] MakeRegressionTest.NoiseEffectOnTargets
[       OK ] MakeRegressionTest.NoiseEffectOnTargets (1 ms)
[ RUN      ] MakeRegressionTest.BiasEffectOnTargets
[       OK ] MakeRegressionTest.BiasEffectOnTargets (0 ms)
[----------] 5 tests from MakeRegressionTest (4 ms total)

[----------] 6 tests from DataLoaderTest
[ RUN      ] DataLoaderTest.TestBatchLoading
[       OK ] DataLoaderTest.TestBatchLoading (0 ms)
[ RUN      ] DataLoaderTest.TestLastBatchHandling
[       OK ] DataLoaderTest.TestLastBatchHandling (0 ms)
[ RUN      ] DataLoaderTest.TestShuffling
[       OK ] DataLoaderTest.TestShuffling (0 ms)
[ RUN      ] DataLoaderTest.TestIterationOverDataset
[       OK ] DataLoaderTest.TestIterationOverDataset (0 ms)
[ RUN      ] DataLoaderTest.TestSingleElementBatch
[       OK ] DataLoaderTest.TestSingleElementBatch (0 ms)
[ RUN      ] DataLoaderTest.TestCollateFn
[       OK ] DataLoaderTest.TestCollateFn (0 ms)
[----------] 6 tests from DataLoaderTest (0 ms total)

[----------] 1 test from AdamWFullTest
[ RUN      ] AdamWFullTest.AdamWTest
2026-01-20 02:38:17.282 | info     |     Distributed | Using auto discovery to generate mesh graph. (metal_context.cpp:859)
2026-01-20 02:38:17.282 | info     |     Distributed | Constructing control plane using auto-discovery (no mesh graph descriptor). (metal_context.cpp:836)
2026-01-20 02:38:17.282 | info     |          Fabric | TopologyMapper mapping start (mesh=0): n_log=1, n_phys=1, log_deg_hist={0:1}, phys_deg_hist={0:1} (topology_mapper_utils.cpp:171)
2026-01-20 02:38:17.283 | info     |          Fabric | TopologyMapper mapping start (mesh=0): n_log=1, n_phys=1, log_deg_hist={0:1}, phys_deg_hist={0:1} (topology_mapper_utils.cpp:171)
[       OK ] AdamWFullTest.AdamWTest (11764 ms)
[----------] 1 test from AdamWFullTest (11764 ms total)

[----------] 1 test from NoOpFullTest
[ RUN      ] NoOpFullTest.NIGHTLY_NoOpTest
2026-01-20 02:38:29.045 | info     |     Distributed | Using auto discovery to generate mesh graph. (metal_context.cpp:859)
2026-01-20 02:38:29.045 | info     |     Distributed | Constructing control plane using auto-discovery (no mesh graph descriptor). (metal_context.cpp:836)
2026-01-20 02:38:29.045 | info     |          Fabric | TopologyMapper mapping start (mesh=0): n_log=1, n_phys=1, log_deg_hist={0:1}, phys_deg_hist={0:1} (topology_mapper_utils.cpp:171)
2026-01-20 02:38:29.046 | info     |          Fabric | TopologyMapper mapping start (mesh=0): n_log=1, n_phys=1, log_deg_hist={0:1}, phys_deg_hist={0:1} (topology_mapper_utils.cpp:171)
[       OK ] NoOpFullTest.NIGHTLY_NoOpTest (2834 ms)
[----------] 1 test from NoOpFullTest (2834 ms total)

[----------] 11 tests from N300TensorParallelLinearTest
[ RUN      ] N300TensorParallelLinearTest.RowParallelLinearHasBiasNotInputParallel
2026-01-20 02:38:31.870 | info     |             UMD | Established firmware bundle version: 19.3.1 (topology_discovery.cpp:369)
/workspace/tt-metal/tt-train/tests/modules/distributed/linear_test.cpp:41: Skipped
Skipping N300 specific tests
[  SKIPPED ] N300TensorParallelLinearTest.RowParallelLinearHasBiasNotInputParallel (12 ms)
[ RUN      ] N300TensorParallelLinearTest.RowParallelLinearNoBiasNotInputParallel
2026-01-20 02:38:31.882 | info     |             UMD | Established firmware bundle version: 19.3.1 (topology_discovery.cpp:369)
/workspace/tt-metal/tt-train/tests/modules/distributed/linear_test.cpp:41: Skipped
Skipping N300 specific tests
[  SKIPPED ] N300TensorParallelLinearTest.RowParallelLinearNoBiasNotInputParallel (11 ms)
[ RUN      ] N300TensorParallelLinearTest.RowParallelLinearHasBiasInputParallel
2026-01-20 02:38:31.893 | info     |             UMD | Established firmware bundle version: 19.3.1 (topology_discovery.cpp:369)
/workspace/tt-metal/tt-train/tests/modules/distributed/linear_test.cpp:41: Skipped
Skipping N300 specific tests
[  SKIPPED ] N300TensorParallelLinearTest.RowParallelLinearHasBiasInputParallel (10 ms)
[ RUN      ] N300TensorParallelLinearTest.RowParallelLinearNoBiasInputParallel
2026-01-20 02:38:31.904 | info     |             UMD | Established firmware bundle version: 19.3.1 (topology_discovery.cpp:369)
/workspace/tt-metal/tt-train/tests/modules/distributed/linear_test.cpp:41: Skipped
Skipping N300 specific tests
[  SKIPPED ] N300TensorParallelLinearTest.RowParallelLinearNoBiasInputParallel (11 ms)
[ RUN      ] N300TensorParallelLinearTest.ColumnParallelLinearHasBiasAllGather
2026-01-20 02:38:31.915 | info     |             UMD | Established firmware bundle version: 19.3.1 (topology_discovery.cpp:369)
/workspace/tt-metal/tt-train/tests/modules/distributed/linear_test.cpp:41: Skipped
Skipping N300 specific tests
[  SKIPPED ] N300TensorParallelLinearTest.ColumnParallelLinearHasBiasAllGather (10 ms)
[ RUN      ] N300TensorParallelLinearTest.ColumnParallelLinearNoBiasAllGather
2026-01-20 02:38:31.926 | info     |             UMD | Established firmware bundle version: 19.3.1 (topology_discovery.cpp:369)
/workspace/tt-metal/tt-train/tests/modules/distributed/linear_test.cpp:41: Skipped
Skipping N300 specific tests
[  SKIPPED ] N300TensorParallelLinearTest.ColumnParallelLinearNoBiasAllGather (11 ms)
[ RUN      ] N300TensorParallelLinearTest.ColumnParallelLinearHasBiasNoAllGather
2026-01-20 02:38:31.938 | info     |             UMD | Established firmware bundle version: 19.3.1 (topology_discovery.cpp:369)
/workspace/tt-metal/tt-train/tests/modules/distributed/linear_test.cpp:41: Skipped
Skipping N300 specific tests
[  SKIPPED ] N300TensorParallelLinearTest.ColumnParallelLinearHasBiasNoAllGather (11 ms)
[ RUN      ] N300TensorParallelLinearTest.ColumnParallelLinearNoBiasNoAllGather
2026-01-20 02:38:31.949 | info     |             UMD | Established firmware bundle version: 19.3.1 (topology_discovery.cpp:369)
/workspace/tt-metal/tt-train/tests/modules/distributed/linear_test.cpp:41: Skipped
Skipping N300 specific tests
[  SKIPPED ] N300TensorParallelLinearTest.ColumnParallelLinearNoBiasNoAllGather (11 ms)
[ RUN      ] N300TensorParallelLinearTest.RowParallelLinearHasBiasNanoGPT
2026-01-20 02:38:31.961 | info     |             UMD | Established firmware bundle version: 19.3.1 (topology_discovery.cpp:369)
/workspace/tt-metal/tt-train/tests/modules/distributed/linear_test.cpp:41: Skipped
Skipping N300 specific tests
[  SKIPPED ] N300TensorParallelLinearTest.RowParallelLinearHasBiasNanoGPT (11 ms)
[ RUN      ] N300TensorParallelLinearTest.ColumnParallelLinearHasBiasNanoGPT
2026-01-20 02:38:31.971 | info     |             UMD | Established firmware bundle version: 19.3.1 (topology_discovery.cpp:369)
/workspace/tt-metal/tt-train/tests/modules/distributed/linear_test.cpp:41: Skipped
Skipping N300 specific tests
[  SKIPPED ] N300TensorParallelLinearTest.ColumnParallelLinearHasBiasNanoGPT (10 ms)
[ RUN      ] N300TensorParallelLinearTest.ColumnParallelLinearNoBiasNanoGPT
2026-01-20 02:38:31.983 | info     |             UMD | Established firmware bundle version: 19.3.1 (topology_discovery.cpp:369)
/workspace/tt-metal/tt-train/tests/modules/distributed/linear_test.cpp:41: Skipped
Skipping N300 specific tests
[  SKIPPED ] N300TensorParallelLinearTest.ColumnParallelLinearNoBiasNanoGPT (11 ms)
[----------] 11 tests from N300TensorParallelLinearTest (124 ms total)

[----------] 3 tests from MultiLayerPerceptronParametersTest
[ RUN      ] MultiLayerPerceptronParametersTest.BasicReadWrite
2026-01-20 02:38:32.004 | info     |     Distributed | Using auto discovery to generate mesh graph. (metal_context.cpp:859)
2026-01-20 02:38:32.004 | info     |     Distributed | Constructing control plane using auto-discovery (no mesh graph descriptor). (metal_context.cpp:836)
2026-01-20 02:38:32.004 | info     |          Fabric | TopologyMapper mapping start (mesh=0): n_log=1, n_phys=1, log_deg_hist={0:1}, phys_deg_hist={0:1} (topology_mapper_utils.cpp:171)
2026-01-20 02:38:32.005 | info     |          Fabric | TopologyMapper mapping start (mesh=0): n_log=1, n_phys=1, log_deg_hist={0:1}, phys_deg_hist={0:1} (topology_mapper_utils.cpp:171)
[       OK ] MultiLayerPerceptronParametersTest.BasicReadWrite (1285 ms)
[ RUN      ] MultiLayerPerceptronParametersTest.MissingFields
2026-01-20 02:38:33.291 | info     |     Distributed | Using auto discovery to generate mesh graph. (metal_context.cpp:859)
2026-01-20 02:38:33.291 | info     |     Distributed | Constructing control plane using auto-discovery (no mesh graph descriptor). (metal_context.cpp:836)
2026-01-20 02:38:33.292 | info     |          Fabric | TopologyMapper mapping start (mesh=0): n_log=1, n_phys=1, log_deg_hist={0:1}, phys_deg_hist={0:1} (topology_mapper_utils.cpp:171)
2026-01-20 02:38:33.292 | info     |          Fabric | TopologyMapper mapping start (mesh=0): n_log=1, n_phys=1, log_deg_hist={0:1}, phys_deg_hist={0:1} (topology_mapper_utils.cpp:171)
[       OK ] MultiLayerPerceptronParametersTest.MissingFields (1280 ms)
[ RUN      ] MultiLayerPerceptronParametersTest.InvalidDataTypes
2026-01-20 02:38:34.574 | info     |     Distributed | Using auto discovery to generate mesh graph. (metal_context.cpp:859)
2026-01-20 02:38:34.574 | info     |     Distributed | Constructing control plane using auto-discovery (no mesh graph descriptor). (metal_context.cpp:836)
2026-01-20 02:38:34.575 | info     |          Fabric | TopologyMapper mapping start (mesh=0): n_log=1, n_phys=1, log_deg_hist={0:1}, phys_deg_hist={0:1} (topology_mapper_utils.cpp:171)
2026-01-20 02:38:34.575 | info     |          Fabric | TopologyMapper mapping start (mesh=0): n_log=1, n_phys=1, log_deg_hist={0:1}, phys_deg_hist={0:1} (topology_mapper_utils.cpp:171)
[       OK ] MultiLayerPerceptronParametersTest.InvalidDataTypes (1261 ms)
[----------] 3 tests from MultiLayerPerceptronParametersTest (3828 ms total)

[----------] 3 tests from TransformerConfigTest
[ RUN      ] TransformerConfigTest.BasicReadWrite
2026-01-20 02:38:35.836 | info     |     Distributed | Using auto discovery to generate mesh graph. (metal_context.cpp:859)
2026-01-20 02:38:35.836 | info     |     Distributed | Constructing control plane using auto-discovery (no mesh graph descriptor). (metal_context.cpp:836)
2026-01-20 02:38:35.837 | info     |          Fabric | TopologyMapper mapping start (mesh=0): n_log=1, n_phys=1, log_deg_hist={0:1}, phys_deg_hist={0:1} (topology_mapper_utils.cpp:171)
2026-01-20 02:38:35.837 | info     |          Fabric | TopologyMapper mapping start (mesh=0): n_log=1, n_phys=1, log_deg_hist={0:1}, phys_deg_hist={0:1} (topology_mapper_utils.cpp:171)
[       OK ] TransformerConfigTest.BasicReadWrite (1207 ms)
[ RUN      ] TransformerConfigTest.MissingFields
2026-01-20 02:38:37.037 | info     |     Distributed | Using auto discovery to generate mesh graph. (metal_context.cpp:859)
2026-01-20 02:38:37.037 | info     |     Distributed | Constructing control plane using auto-discovery (no mesh graph descriptor). (metal_context.cpp:836)
2026-01-20 02:38:37.037 | info     |          Fabric | TopologyMapper mapping start (mesh=0): n_log=1, n_phys=1, log_deg_hist={0:1}, phys_deg_hist={0:1} (topology_mapper_utils.cpp:171)
2026-01-20 02:38:37.038 | info     |          Fabric | TopologyMapper mapping start (mesh=0): n_log=1, n_phys=1, log_deg_hist={0:1}, phys_deg_hist={0:1} (topology_mapper_utils.cpp:171)
[       OK ] TransformerConfigTest.MissingFields (1184 ms)
[ RUN      ] TransformerConfigTest.InvalidDataTypes
2026-01-20 02:38:38.221 | info     |     Distributed | Using auto discovery to generate mesh graph. (metal_context.cpp:859)
2026-01-20 02:38:38.221 | info     |     Distributed | Constructing control plane using auto-discovery (no mesh graph descriptor). (metal_context.cpp:836)
2026-01-20 02:38:38.222 | info     |          Fabric | TopologyMapper mapping start (mesh=0): n_log=1, n_phys=1, log_deg_hist={0:1}, phys_deg_hist={0:1} (topology_mapper_utils.cpp:171)
2026-01-20 02:38:38.222 | info     |          Fabric | TopologyMapper mapping start (mesh=0): n_log=1, n_phys=1, log_deg_hist={0:1}, phys_deg_hist={0:1} (topology_mapper_utils.cpp:171)
[       OK ] TransformerConfigTest.InvalidDataTypes (1219 ms)
[----------] 3 tests from TransformerConfigTest (3610 ms total)

[----------] 15 tests from FlatBufferFileTest
[ RUN      ] FlatBufferFileTest.SerializeDeserializePrimitives
[       OK ] FlatBufferFileTest.SerializeDeserializePrimitives (0 ms)
[ RUN      ] FlatBufferFileTest.MissingKeyThrows
[       OK ] FlatBufferFileTest.MissingKeyThrows (0 ms)
[ RUN      ] FlatBufferFileTest.TypeMismatchThrows
[       OK ] FlatBufferFileTest.TypeMismatchThrows (0 ms)
[ RUN      ] FlatBufferFileTest.OverwriteExistingKey
[       OK ] FlatBufferFileTest.OverwriteExistingKey (0 ms)
[ RUN      ] FlatBufferFileTest.EmptySerializerSerialization
[       OK ] FlatBufferFileTest.EmptySerializerSerialization (0 ms)
[ RUN      ] FlatBufferFileTest.NonExistentFileDeserialization
[       OK ] FlatBufferFileTest.NonExistentFileDeserialization (0 ms)
[ RUN      ] FlatBufferFileTest.InvalidDataDeserialization
[       OK ] FlatBufferFileTest.InvalidDataDeserialization (0 ms)
[ RUN      ] FlatBufferFileTest.MultipleDataTypesSerialization
[       OK ] FlatBufferFileTest.MultipleDataTypesSerialization (0 ms)
[ RUN      ] FlatBufferFileTest.BoolAndCharTypes
[       OK ] FlatBufferFileTest.BoolAndCharTypes (0 ms)
[ RUN      ] FlatBufferFileTest.SizeTType
[       OK ] FlatBufferFileTest.SizeTType (0 ms)
[ RUN      ] FlatBufferFileTest.UInt8Vector
[       OK ] FlatBufferFileTest.UInt8Vector (0 ms)
[ RUN      ] FlatBufferFileTest.CharVector
[       OK ] FlatBufferFileTest.CharVector (0 ms)
[ RUN      ] FlatBufferFileTest.BFloat16ScalarSerialization
[       OK ] FlatBufferFileTest.BFloat16ScalarSerialization (0 ms)
[ RUN      ] FlatBufferFileTest.BFloat16BitExactPreservation
[       OK ] FlatBufferFileTest.BFloat16BitExactPreservation (0 ms)
[ RUN      ] FlatBufferFileTest.BFloat16TypeMismatchThrows
[       OK ] FlatBufferFileTest.BFloat16TypeMismatchThrows (0 ms)
[----------] 15 tests from FlatBufferFileTest (5 ms total)

[----------] 2 tests from TensorFileTest
[ RUN      ] TensorFileTest.SerializeDeserializeTensor
2026-01-20 02:38:39.456 | info     |     Distributed | Using auto discovery to generate mesh graph. (metal_context.cpp:859)
2026-01-20 02:38:39.456 | info     |     Distributed | Constructing control plane using auto-discovery (no mesh graph descriptor). (metal_context.cpp:836)
2026-01-20 02:38:39.456 | info     |          Fabric | TopologyMapper mapping start (mesh=0): n_log=1, n_phys=1, log_deg_hist={0:1}, phys_deg_hist={0:1} (topology_mapper_utils.cpp:171)
2026-01-20 02:38:39.456 | info     |          Fabric | TopologyMapper mapping start (mesh=0): n_log=1, n_phys=1, log_deg_hist={0:1}, phys_deg_hist={0:1} (topology_mapper_utils.cpp:171)
[       OK ] TensorFileTest.SerializeDeserializeTensor (1220 ms)
[ RUN      ] TensorFileTest.SerializeDeserializeNamedParameters
2026-01-20 02:38:40.672 | info     |     Distributed | Using auto discovery to generate mesh graph. (metal_context.cpp:859)
[...]
[       OK ] SerializationConfigs/FlatBufferFileSerializationTest.ScopedTempDirWriteReadRoundTrip/BFLOAT16_ROW_MAJOR_DEVICE (1252 ms)
[ RUN      ] SerializationConfigs/FlatBufferFileSerializationTest.ScopedTempDirWriteReadRoundTrip/BFLOAT16_TILE_DEVICE
2026-01-20 03:07:57.444 | info     |     Distributed | Using auto discovery to generate mesh graph. (metal_context.cpp:859)
2026-01-20 03:07:57.444 | info     |     Distributed | Constructing control plane using auto-discovery (no mesh graph descriptor). (metal_context.cpp:836)
2026-01-20 03:07:57.445 | info     |          Fabric | TopologyMapper mapping start (mesh=0): n_log=1, n_phys=1, log_deg_hist={0:1}, phys_deg_hist={0:1} (topology_mapper_utils.cpp:171)
2026-01-20 03:07:57.445 | info     |          Fabric | TopologyMapper mapping start (mesh=0): n_log=1, n_phys=1, log_deg_hist={0:1}, phys_deg_hist={0:1} (topology_mapper_utils.cpp:171)
[       OK ] SerializationConfigs/FlatBufferFileSerializationTest.ScopedTempDirWriteReadRoundTrip/BFLOAT16_TILE_DEVICE (1275 ms)
[ RUN      ] SerializationConfigs/FlatBufferFileSerializationTest.ScopedTempDirWriteReadRoundTrip/BFLOAT16_ROW_MAJOR_HOST
2026-01-20 03:07:58.719 | info     |     Distributed | Using auto discovery to generate mesh graph. (metal_context.cpp:859)
2026-01-20 03:07:58.720 | info     |     Distributed | Constructing control plane using auto-discovery (no mesh graph descriptor). (metal_context.cpp:836)
2026-01-20 03:07:58.720 | info     |          Fabric | TopologyMapper mapping start (mesh=0): n_log=1, n_phys=1, log_deg_hist={0:1}, phys_deg_hist={0:1} (topology_mapper_utils.cpp:171)
2026-01-20 03:07:58.720 | info     |          Fabric | TopologyMapper mapping start (mesh=0): n_log=1, n_phys=1, log_deg_hist={0:1}, phys_deg_hist={0:1} (topology_mapper_utils.cpp:171)
[       OK ] SerializationConfigs/FlatBufferFileSerializationTest.ScopedTempDirWriteReadRoundTrip/BFLOAT16_ROW_MAJOR_HOST (1268 ms)
[ RUN      ] SerializationConfigs/FlatBufferFileSerializationTest.ScopedTempDirWriteReadRoundTrip/BFLOAT16_TILE_HOST
2026-01-20 03:07:59.987 | info     |     Distributed | Using auto discovery to generate mesh graph. (metal_context.cpp:859)
2026-01-20 03:07:59.987 | info     |     Distributed | Constructing control plane using auto-discovery (no mesh graph descriptor). (metal_context.cpp:836)
2026-01-20 03:07:59.987 | info     |          Fabric | TopologyMapper mapping start (mesh=0): n_log=1, n_phys=1, log_deg_hist={0:1}, phys_deg_hist={0:1} (topology_mapper_utils.cpp:171)
2026-01-20 03:07:59.987 | info     |          Fabric | TopologyMapper mapping start (mesh=0): n_log=1, n_phys=1, log_deg_hist={0:1}, phys_deg_hist={0:1} (topology_mapper_utils.cpp:171)
[       OK ] SerializationConfigs/FlatBufferFileSerializationTest.ScopedTempDirWriteReadRoundTrip/BFLOAT16_TILE_HOST (1252 ms)
[ RUN      ] SerializationConfigs/FlatBufferFileSerializationTest.ScopedTempDirWriteReadRoundTrip/FLOAT32_ROW_MAJOR_DEVICE
2026-01-20 03:08:01.242 | info     |     Distributed | Using auto discovery to generate mesh graph. (metal_context.cpp:859)
2026-01-20 03:08:01.242 | info     |     Distributed | Constructing control plane using auto-discovery (no mesh graph descriptor). (metal_context.cpp:836)
2026-01-20 03:08:01.242 | info     |          Fabric | TopologyMapper mapping start (mesh=0): n_log=1, n_phys=1, log_deg_hist={0:1}, phys_deg_hist={0:1} (topology_mapper_utils.cpp:171)
2026-01-20 03:08:01.243 | info     |          Fabric | TopologyMapper mapping start (mesh=0): n_log=1, n_phys=1, log_deg_hist={0:1}, phys_deg_hist={0:1} (topology_mapper_utils.cpp:171)
/workspace/tt-metal/tt-train/tests/serialization/flatbuffer_serializer_test.cpp:505: Skipped
Skipping FLOAT32 ROW_MAJOR tensor serialization (API limitation: dump_tensor_flatbuffer requires TILE layout for FLOAT32)
[  SKIPPED ] SerializationConfigs/FlatBufferFileSerializationTest.ScopedTempDirWriteReadRoundTrip/FLOAT32_ROW_MAJOR_DEVICE (1278 ms)
[ RUN      ] SerializationConfigs/FlatBufferFileSerializationTest.ScopedTempDirWriteReadRoundTrip/FLOAT32_TILE_DEVICE
[       OK ] SerializationConfigs/FlatBufferFileSerializationTest.ScopedTempDirWriteReadRoundTrip/FLOAT32_TILE_DEVICE (1615 ms)
[ RUN      ] SerializationConfigs/FlatBufferFileSerializationTest.ScopedTempDirWriteReadRoundTrip/FLOAT32_ROW_MAJOR_HOST
2026-01-20 03:08:04.139 | info     |     Distributed | Using auto discovery to generate mesh graph. (metal_context.cpp:859)
2026-01-20 03:08:04.139 | info     |     Distributed | Constructing control plane using auto-discovery (no mesh graph descriptor). (metal_context.cpp:836)
2026-01-20 03:08:04.140 | info     |          Fabric | TopologyMapper mapping start (mesh=0): n_log=1, n_phys=1, log_deg_hist={0:1}, phys_deg_hist={0:1} (topology_mapper_utils.cpp:171)
2026-01-20 03:08:04.140 | info     |          Fabric | TopologyMapper mapping start (mesh=0): n_log=1, n_phys=1, log_deg_hist={0:1}, phys_deg_hist={0:1} (topology_mapper_utils.cpp:171)
/workspace/tt-metal/tt-train/tests/serialization/flatbuffer_serializer_test.cpp:505: Skipped
Skipping FLOAT32 ROW_MAJOR tensor serialization (API limitation: dump_tensor_flatbuffer requires TILE layout for FLOAT32)
[  SKIPPED ] SerializationConfigs/FlatBufferFileSerializationTest.ScopedTempDirWriteReadRoundTrip/FLOAT32_ROW_MAJOR_HOST (1274 ms)
[ RUN      ] SerializationConfigs/FlatBufferFileSerializationTest.ScopedTempDirWriteReadRoundTrip/FLOAT32_TILE_HOST
[       OK ] SerializationConfigs/FlatBufferFileSerializationTest.ScopedTempDirWriteReadRoundTrip/FLOAT32_TILE_HOST (31 ms)
[ RUN      ] SerializationConfigs/FlatBufferFileSerializationTest.ScopedTempDirWriteReadRoundTrip/UINT32_ROW_MAJOR_DEVICE
2026-01-20 03:08:05.438 | info     |     Distributed | Using auto discovery to generate mesh graph. (metal_context.cpp:859)
2026-01-20 03:08:05.438 | info     |     Distributed | Constructing control plane using auto-discovery (no mesh graph descriptor). (metal_context.cpp:836)
2026-01-20 03:08:05.439 | info     |          Fabric | TopologyMapper mapping start (mesh=0): n_log=1, n_phys=1, log_deg_hist={0:1}, phys_deg_hist={0:1} (topology_mapper_utils.cpp:171)
2026-01-20 03:08:05.439 | info     |          Fabric | TopologyMapper mapping start (mesh=0): n_log=1, n_phys=1, log_deg_hist={0:1}, phys_deg_hist={0:1} (topology_mapper_utils.cpp:171)
[       OK ] SerializationConfigs/FlatBufferFileSerializationTest.ScopedTempDirWriteReadRoundTrip/UINT32_ROW_MAJOR_DEVICE (1242 ms)
[ RUN      ] SerializationConfigs/FlatBufferFileSerializationTest.ScopedTempDirWriteReadRoundTrip/UINT32_TILE_DEVICE
2026-01-20 03:08:06.682 | info     |     Distributed | Using auto discovery to generate mesh graph. (metal_context.cpp:859)
2026-01-20 03:08:06.682 | info     |     Distributed | Constructing control plane using auto-discovery (no mesh graph descriptor). (metal_context.cpp:836)
2026-01-20 03:08:06.682 | info     |          Fabric | TopologyMapper mapping start (mesh=0): n_log=1, n_phys=1, log_deg_hist={0:1}, phys_deg_hist={0:1} (topology_mapper_utils.cpp:171)
2026-01-20 03:08:06.683 | info     |          Fabric | TopologyMapper mapping start (mesh=0): n_log=1, n_phys=1, log_deg_hist={0:1}, phys_deg_hist={0:1} (topology_mapper_utils.cpp:171)
[       OK ] SerializationConfigs/FlatBufferFileSerializationTest.ScopedTempDirWriteReadRoundTrip/UINT32_TILE_DEVICE (1298 ms)
[ RUN      ] SerializationConfigs/FlatBufferFileSerializationTest.ScopedTempDirWriteReadRoundTrip/UINT32_ROW_MAJOR_HOST
2026-01-20 03:08:07.979 | info     |     Distributed | Using auto discovery to generate mesh graph. (metal_context.cpp:859)
2026-01-20 03:08:07.979 | info     |     Distributed | Constructing control plane using auto-discovery (no mesh graph descriptor). (metal_context.cpp:836)
2026-01-20 03:08:07.979 | info     |          Fabric | TopologyMapper mapping start (mesh=0): n_log=1, n_phys=1, log_deg_hist={0:1}, phys_deg_hist={0:1} (topology_mapper_utils.cpp:171)
2026-01-20 03:08:07.980 | info     |          Fabric | TopologyMapper mapping start (mesh=0): n_log=1, n_phys=1, log_deg_hist={0:1}, phys_deg_hist={0:1} (topology_mapper_utils.cpp:171)
[       OK ] SerializationConfigs/FlatBufferFileSerializationTest.ScopedTempDirWriteReadRoundTrip/UINT32_ROW_MAJOR_HOST (1261 ms)
[ RUN      ] SerializationConfigs/FlatBufferFileSerializationTest.ScopedTempDirWriteReadRoundTrip/UINT32_TILE_HOST
2026-01-20 03:08:09.240 | info     |     Distributed | Using auto discovery to generate mesh graph. (metal_context.cpp:859)
2026-01-20 03:08:09.240 | info     |     Distributed | Constructing control plane using auto-discovery (no mesh graph descriptor). (metal_context.cpp:836)
2026-01-20 03:08:09.241 | info     |          Fabric | TopologyMapper mapping start (mesh=0): n_log=1, n_phys=1, log_deg_hist={0:1}, phys_deg_hist={0:1} (topology_mapper_utils.cpp:171)
2026-01-20 03:08:09.241 | info     |          Fabric | TopologyMapper mapping start (mesh=0): n_log=1, n_phys=1, log_deg_hist={0:1}, phys_deg_hist={0:1} (topology_mapper_utils.cpp:171)
[       OK ] SerializationConfigs/FlatBufferFileSerializationTest.ScopedTempDirWriteReadRoundTrip/UINT32_TILE_HOST (1278 ms)
[ RUN      ] SerializationConfigs/FlatBufferFileSerializationTest.ScopedTempDirWriteReadRoundTrip/INT32_ROW_MAJOR_DEVICE
2026-01-20 03:08:10.521 | info     |     Distributed | Using auto discovery to generate mesh graph. (metal_context.cpp:859)
2026-01-20 03:08:10.521 | info     |     Distributed | Constructing control plane using auto-discovery (no mesh graph descriptor). (metal_context.cpp:836)
2026-01-20 03:08:10.522 | info     |          Fabric | TopologyMapper mapping start (mesh=0): n_log=1, n_phys=1, log_deg_hist={0:1}, phys_deg_hist={0:1} (topology_mapper_utils.cpp:171)
2026-01-20 03:08:10.522 | info     |          Fabric | TopologyMapper mapping start (mesh=0): n_log=1, n_phys=1, log_deg_hist={0:1}, phys_deg_hist={0:1} (topology_mapper_utils.cpp:171)
[       OK ] SerializationConfigs/FlatBufferFileSerializationTest.ScopedTempDirWriteReadRoundTrip/INT32_ROW_MAJOR_DEVICE (1286 ms)
[ RUN      ] SerializationConfigs/FlatBufferFileSerializationTest.ScopedTempDirWriteReadRoundTrip/INT32_TILE_DEVICE
2026-01-20 03:08:11.804 | info     |     Distributed | Using auto discovery to generate mesh graph. (metal_context.cpp:859)
2026-01-20 03:08:11.804 | info     |     Distributed | Constructing control plane using auto-discovery (no mesh graph descriptor). (metal_context.cpp:836)
2026-01-20 03:08:11.805 | info     |          Fabric | TopologyMapper mapping start (mesh=0): n_log=1, n_phys=1, log_deg_hist={0:1}, phys_deg_hist={0:1} (topology_mapper_utils.cpp:171)
2026-01-20 03:08:11.805 | info     |          Fabric | TopologyMapper mapping start (mesh=0): n_log=1, n_phys=1, log_deg_hist={0:1}, phys_deg_hist={0:1} (topology_mapper_utils.cpp:171)
[       OK ] SerializationConfigs/FlatBufferFileSerializationTest.ScopedTempDirWriteReadRoundTrip/INT32_TILE_DEVICE (1307 ms)
[ RUN      ] SerializationConfigs/FlatBufferFileSerializationTest.ScopedTempDirWriteReadRoundTrip/INT32_ROW_MAJOR_HOST
2026-01-20 03:08:13.114 | info     |     Distributed | Using auto discovery to generate mesh graph. (metal_context.cpp:859)
2026-01-20 03:08:13.114 | info     |     Distributed | Constructing control plane using auto-discovery (no mesh graph descriptor). (metal_context.cpp:836)
2026-01-20 03:08:13.114 | info     |          Fabric | TopologyMapper mapping start (mesh=0): n_log=1, n_phys=1, log_deg_hist={0:1}, phys_deg_hist={0:1} (topology_mapper_utils.cpp:171)
2026-01-20 03:08:13.115 | info     |          Fabric | TopologyMapper mapping start (mesh=0): n_log=1, n_phys=1, log_deg_hist={0:1}, phys_deg_hist={0:1} (topology_mapper_utils.cpp:171)
[       OK ] SerializationConfigs/FlatBufferFileSerializationTest.ScopedTempDirWriteReadRoundTrip/INT32_ROW_MAJOR_HOST (1288 ms)
[ RUN      ] SerializationConfigs/FlatBufferFileSerializationTest.ScopedTempDirWriteReadRoundTrip/INT32_TILE_HOST
2026-01-20 03:08:14.404 | info     |     Distributed | Using auto discovery to generate mesh graph. (metal_context.cpp:859)
2026-01-20 03:08:14.404 | info     |     Distributed | Constructing control plane using auto-discovery (no mesh graph descriptor). (metal_context.cpp:836)
2026-01-20 03:08:14.404 | info     |          Fabric | TopologyMapper mapping start (mesh=0): n_log=1, n_phys=1, log_deg_hist={0:1}, phys_deg_hist={0:1} (topology_mapper_utils.cpp:171)
2026-01-20 03:08:14.405 | info     |          Fabric | TopologyMapper mapping start (mesh=0): n_log=1, n_phys=1, log_deg_hist={0:1}, phys_deg_hist={0:1} (topology_mapper_utils.cpp:171)
[       OK ] SerializationConfigs/FlatBufferFileSerializationTest.ScopedTempDirWriteReadRoundTrip/INT32_TILE_HOST (1309 ms)
[ RUN      ] SerializationConfigs/FlatBufferFileSerializationTest.ScopedTempDirWriteReadRoundTrip/BFLOAT8_B_TILE_DEVICE
2026-01-20 03:08:15.718 | info     |     Distributed | Using auto discovery to generate mesh graph. (metal_context.cpp:859)
2026-01-20 03:08:15.718 | info     |     Distributed | Constructing control plane using auto-discovery (no mesh graph descriptor). (metal_context.cpp:836)
2026-01-20 03:08:15.719 | info     |          Fabric | TopologyMapper mapping start (mesh=0): n_log=1, n_phys=1, log_deg_hist={0:1}, phys_deg_hist={0:1} (topology_mapper_utils.cpp:171)
2026-01-20 03:08:15.719 | info     |          Fabric | TopologyMapper mapping start (mesh=0): n_log=1, n_phys=1, log_deg_hist={0:1}, phys_deg_hist={0:1} (topology_mapper_utils.cpp:171)
[       OK ] SerializationConfigs/FlatBufferFileSerializationTest.ScopedTempDirWriteReadRoundTrip/BFLOAT8_B_TILE_DEVICE (1309 ms)
[ RUN      ] SerializationConfigs/FlatBufferFileSerializationTest.ScopedTempDirWriteReadRoundTrip/BFLOAT8_B_TILE_HOST
2026-01-20 03:08:17.021 | info     |     Distributed | Using auto discovery to generate mesh graph. (metal_context.cpp:859)
2026-01-20 03:08:17.022 | info     |     Distributed | Constructing control plane using auto-discovery (no mesh graph descriptor). (metal_context.cpp:836)
2026-01-20 03:08:17.022 | info     |          Fabric | TopologyMapper mapping start (mesh=0): n_log=1, n_phys=1, log_deg_hist={0:1}, phys_deg_hist={0:1} (topology_mapper_utils.cpp:171)
2026-01-20 03:08:17.022 | info     |          Fabric | TopologyMapper mapping start (mesh=0): n_log=1, n_phys=1, log_deg_hist={0:1}, phys_deg_hist={0:1} (topology_mapper_utils.cpp:171)
[       OK ] SerializationConfigs/FlatBufferFileSerializationTest.ScopedTempDirWriteReadRoundTrip/BFLOAT8_B_TILE_HOST (1289 ms)
[ RUN      ] SerializationConfigs/FlatBufferFileSerializationTest.ScopedTempDirWriteReadRoundTrip/BFLOAT4_B_TILE_DEVICE
2026-01-20 03:08:18.311 | info     |     Distributed | Using auto discovery to generate mesh graph. (metal_context.cpp:859)
2026-01-20 03:08:18.311 | info     |     Distributed | Constructing control plane using auto-discovery (no mesh graph descriptor). (metal_context.cpp:836)
2026-01-20 03:08:18.311 | info     |          Fabric | TopologyMapper mapping start (mesh=0): n_log=1, n_phys=1, log_deg_hist={0:1}, phys_deg_hist={0:1} (topology_mapper_utils.cpp:171)
2026-01-20 03:08:18.311 | info     |          Fabric | TopologyMapper mapping start (mesh=0): n_log=1, n_phys=1, log_deg_hist={0:1}, phys_deg_hist={0:1} (topology_mapper_utils.cpp:171)
[       OK ] SerializationConfigs/FlatBufferFileSerializationTest.ScopedTempDirWriteReadRoundTrip/BFLOAT4_B_TILE_DEVICE (1223 ms)
[ RUN      ] SerializationConfigs/FlatBufferFileSerializationTest.ScopedTempDirWriteReadRoundTrip/BFLOAT4_B_TILE_HOST
2026-01-20 03:08:19.537 | info     |     Distributed | Using auto discovery to generate mesh graph. (metal_context.cpp:859)
2026-01-20 03:08:19.537 | info     |     Distributed | Constructing control plane using auto-discovery (no mesh graph descriptor). (metal_context.cpp:836)
2026-01-20 03:08:19.538 | info     |          Fabric | TopologyMapper mapping start (mesh=0): n_log=1, n_phys=1, log_deg_hist={0:1}, phys_deg_hist={0:1} (topology_mapper_utils.cpp:171)
2026-01-20 03:08:19.538 | info     |          Fabric | TopologyMapper mapping start (mesh=0): n_log=1, n_phys=1, log_deg_hist={0:1}, phys_deg_hist={0:1} (topology_mapper_utils.cpp:171)
[       OK ] SerializationConfigs/FlatBufferFileSerializationTest.ScopedTempDirWriteReadRoundTrip/BFLOAT4_B_TILE_HOST (1294 ms)
[----------] 20 tests from SerializationConfigs/FlatBufferFileSerializationTest (24639 ms total)

[----------] Global test environment tear-down
[==========] 331 tests from 76 test suites ran. (2325143 ms total)
[  PASSED  ] 283 tests.
[  SKIPPED ] 48 tests, listed below:
[  SKIPPED ] N300UtilsTest.TestXTensorReplicateInt32
[  SKIPPED ] N300UtilsTest.TestXTensorReplicateUInt32
[  SKIPPED ] N300UtilsTest.TestXTensorReplicate
[  SKIPPED ] N300UtilsTest.TestXTensorShardAxis3
[  SKIPPED ] N300UtilsTest.TestXTensorShardAxis2
[  SKIPPED ] N300UtilsTest.TestXTensorReplicateAllReduce
[  SKIPPED ] N300UtilsTest.TestXTensorReplicateAllReduceBadTiles
[  SKIPPED ] N300UtilsTest.TestXTensorShardAxis2AddScalar
[  SKIPPED ] N300UtilsTest.TestXTensorShardAxis3Matmul
[  SKIPPED ] N300UtilsTest.DropoutDifferentSeed
[  SKIPPED ] N300UtilsTest.MorehClipGradNorm
[  SKIPPED ] LinearRegressionDDPTest.Full
[  SKIPPED ] NanoLlamaTest.NIGHTLY_Default
[  SKIPPED ] NanoLlamaMultiDeviceTest.NIGHTLY_DDP
[  SKIPPED ] TrivialTnnFixedDistributedTest.TestCustomScatterDim0
[  SKIPPED ] TrivialTnnFixedDistributedTest.TestCustomScatterDim1
[  SKIPPED ] TrivialTnnFixedDistributedTest.TestCustomScatterDim2
[  SKIPPED ] TrivialTnnFixedDistributedTest.TestCustomScatterDim3
[  SKIPPED ] DropoutTest.TestKeepRatioApproximatelyNormal
[  SKIPPED ] N300TensorParallelLinearTest.RowParallelLinearHasBiasNotInputParallel
[  SKIPPED ] N300TensorParallelLinearTest.RowParallelLinearNoBiasNotInputParallel
[  SKIPPED ] N300TensorParallelLinearTest.RowParallelLinearHasBiasInputParallel
[  SKIPPED ] N300TensorParallelLinearTest.RowParallelLinearNoBiasInputParallel
[  SKIPPED ] N300TensorParallelLinearTest.ColumnParallelLinearHasBiasAllGather
[  SKIPPED ] N300TensorParallelLinearTest.ColumnParallelLinearNoBiasAllGather
[  SKIPPED ] N300TensorParallelLinearTest.ColumnParallelLinearHasBiasNoAllGather
[  SKIPPED ] N300TensorParallelLinearTest.ColumnParallelLinearNoBiasNoAllGather
[  SKIPPED ] N300TensorParallelLinearTest.RowParallelLinearHasBiasNanoGPT
[  SKIPPED ] N300TensorParallelLinearTest.ColumnParallelLinearHasBiasNanoGPT
[  SKIPPED ] N300TensorParallelLinearTest.ColumnParallelLinearNoBiasNanoGPT
[  SKIPPED ] CrossEntropyForwardTest.NIGHTLY_CrossEntropyForward_Huge_Forward
[  SKIPPED ] N300CommOpsTest.TestAllReduceNotFullyTiled
[  SKIPPED ] N300CommOpsTest.TestAllReduceNanoGPT
[  SKIPPED ] N300CommOpsTest.TestAllReduceFullyTiled
[  SKIPPED ] N300CommOpsTest.TestAllGatherNotFullyTiled
[  SKIPPED ] N300CommOpsTest.TestAllGatherFullyTiled
[  SKIPPED ] N300CommOpsTest.TestScatterNotFullyTiled
[  SKIPPED ] N300CommOpsTest.TestScatterFullyTiled
[  SKIPPED ] CrossEntropyBackwardTest.NIGHTLY_CrossEntropyBackward_Huge_Backward
[  SKIPPED ] RMSNormOpTest.NIGHTLY_RMSNorm_Forward_Batch
[  SKIPPED ] RMSNormOpTest.NIGHTLY_RMSNorm_Backward_Batch
[  SKIPPED ] RMSNormOpTest.NIGHTLY_RMSNorm_Compare_SmallBatch_NonUnit
[  SKIPPED ] RMSNormOpTest.NIGHTLY_RMSNorm_Compare_Masking_Patterns
[  SKIPPED ] SoftmaxTest.NIGHTLY_SoftmaxTest_Huge_Batch
[  SKIPPED ] SDPAForwardTest.NIGHTLY_SDPAForwardTest_SmallBatch_12Heads_6Group
[  SKIPPED ] SDPAForwardTest.NIGHTLY_SDPAForwardTest_Batch_12Heads_6Group
[  SKIPPED ] SerializationConfigs/FlatBufferFileSerializationTest.ScopedTempDirWriteReadRoundTrip/FLOAT32_ROW_MAJOR_DEVICE
[  SKIPPED ] SerializationConfigs/FlatBufferFileSerializationTest.ScopedTempDirWriteReadRoundTrip/FLOAT32_ROW_MAJOR_HOST

  YOU HAVE 2 DISABLED TESTS

2026-01-20 03:08:20.858 | info     |          Device | Closing user mode device drivers (tt_cluster.cpp:472)
2026-01-20 03:08:20.859 | info     |             UMD | Closing devices in cluster (cluster.cpp:975)
